#
# A fatal error has been detected by the Java Runtime Environment:
#
#  SIGSEGV (0xb) at pc=0x78f98a58, pid=9190, tid=3075770048
#
# JRE version: 6.0_29-b11
# Java VM: Java HotSpot(TM) Client VM (20.4-b02 mixed mode linux-x86 )
# Problematic frame:
# C  [libwebkitgtk-1.0.so.0+0x1bda58]  wchar_t+0xc8
#
# If you would like to submit a bug report, please visit:
#   http://java.sun.com/webapps/bugreport/crash.jsp
# The crash happened outside the Java Virtual Machine in native code.
# See problematic frame for where to report the bug.
#

---------------  T H R E A D  ---------------

Current thread (0x08119c00):  JavaThread "main" [_thread_in_native, id=9190, stack(0xbfdb7000,0xbfe07000)]

siginfo:si_signo=SIGSEGV: si_errno=0, si_code=1 (SEGV_MAPERR), si_addr=0x5f574f88

Registers:
EAX=0x5f574f44, EBX=0x7a5ef000, ECX=0x00000003, EDX=0x08e0e028
ESP=0xbfe05a8c, EBP=0x08d1f448, ESI=0x08e0e028, EDI=0x00000004
EIP=0x78f98a58, EFLAGS=0x00010206, CR2=0x5f574f88

Top of Stack: (sp=0xbfe05a8c)
0xbfe05a8c:   78f6c7ca 5f574f44 b7232710 00000000
0xbfe05a9c:   b726fa4f 7a5ef000 08112030 00000004
0xbfe05aac:   78f6c85b 08e0e028 81ebed90 81d3ecb8
0xbfe05abc:   b72e4000 b72e4000 08112030 b72e4000
0xbfe05acc:   b722d107 08e0e028 00000006 5382d374
0xbfe05adc:   b72e4000 b72e4000 b72e4000 08112030
0xbfe05aec:   b722c3b3 08d1f448 78f6c840 08e0e028
0xbfe05afc:   bfe05b30 080ccce0 08cf3368 080ccce0 

Instructions: (pc=0x78f98a58)
0x78f98a38:   44 24 04 89 3c 24 e8 fd 2d fb ff 89 85 fc 00 00
0x78f98a48:   00 eb 91 90 8d 74 26 00 8b 44 24 04 85 c0 74 10
0x78f98a58:   8b 40 44 85 c0 74 09 8b 00 c3 8d b6 00 00 00 00
0x78f98a68:   31 c0 c3 90 8d 74 26 00 56 53 e8 a9 aa fb ff 81 

Register to memory mapping:

EAX=0x5f574f44 is an unknown value
EBX=0x7a5ef000: <offset 0x1814000> in /usr/lib/libwebkitgtk-1.0.so.0 at 0x78ddb000
ECX=0x00000003 is an unknown value
EDX=0x08e0e028 is an unknown value
ESP=0xbfe05a8c is pointing into the stack for thread: 0x08119c00
EBP=0x08d1f448 is an unknown value
ESI=0x08e0e028 is an unknown value
EDI=0x00000004 is an unknown value


Stack: [0xbfdb7000,0xbfe07000],  sp=0xbfe05a8c,  free space=314k
Native frames: (J=compiled Java code, j=interpreted, Vv=VM code, C=native code)
C  [libwebkitgtk-1.0.so.0+0x1bda58]  wchar_t+0xc8

Java frames: (J=compiled Java code, j=interpreted, Vv=VM code)
J  org.eclipse.swt.internal.gtk.OS._g_main_context_iteration(IZ)Z
J  org.eclipse.swt.widgets.Display.readAndDispatch()Z
j  org.eclipse.jface.internal.text.html.BrowserInformationControl.setVisible(Z)V+52
j  org.eclipse.jface.text.AbstractInformationControlManager.showInformationControl(Lorg/eclipse/swt/graphics/Rectangle;)V+5
j  org.eclipse.jface.text.TextViewerHoverManager.showInformationControl(Lorg/eclipse/swt/graphics/Rectangle;)V+21
j  org.eclipse.jface.text.AbstractInformationControlManager.internalShowInformationControl(Lorg/eclipse/swt/graphics/Rectangle;Ljava/lang/Object;)V+344
j  org.eclipse.jface.text.AbstractInformationControlManager.presentInformation()V+70
j  org.eclipse.jface.text.AbstractHoverInformationControlManager.presentInformation()V+64
j  org.eclipse.jface.text.TextViewerHoverManager.doPresentInformation()V+1
j  org.eclipse.jface.text.TextViewerHoverManager$5.run()V+4
J  org.eclipse.swt.widgets.Synchronizer.runAsyncMessages(Z)Z
J  org.eclipse.swt.widgets.Display.readAndDispatch()Z
j  org.eclipse.e4.ui.internal.workbench.swt.PartRenderingEngine$9.run()V+606
j  org.eclipse.core.databinding.observable.Realm.runWithDefault(Lorg/eclipse/core/databinding/observable/Realm;Ljava/lang/Runnable;)V+12
j  org.eclipse.e4.ui.internal.workbench.swt.PartRenderingEngine.run(Lorg/eclipse/e4/ui/model/application/MApplicationElement;Lorg/eclipse/e4/core/contexts/IEclipseContext;)Ljava/lang/Object;+57
j  org.eclipse.e4.ui.internal.workbench.E4Workbench.createAndRunUI(Lorg/eclipse/e4/ui/model/application/MApplicationElement;)V+20
j  org.eclipse.ui.internal.Workbench$5.run()V+256
j  org.eclipse.core.databinding.observable.Realm.runWithDefault(Lorg/eclipse/core/databinding/observable/Realm;Ljava/lang/Runnable;)V+12
j  org.eclipse.ui.internal.Workbench.createAndRunWorkbench(Lorg/eclipse/swt/widgets/Display;Lorg/eclipse/ui/application/WorkbenchAdvisor;)I+18
j  org.eclipse.ui.PlatformUI.createAndRunWorkbench(Lorg/eclipse/swt/widgets/Display;Lorg/eclipse/ui/application/WorkbenchAdvisor;)I+2
j  org.eclipse.ui.internal.ide.application.IDEApplication.start(Lorg/eclipse/equinox/app/IApplicationContext;)Ljava/lang/Object;+108
j  org.eclipse.equinox.internal.app.EclipseAppHandle.run(Ljava/lang/Object;)Ljava/lang/Object;+135
j  org.eclipse.core.runtime.internal.adaptor.EclipseAppLauncher.runApplication(Ljava/lang/Object;)Ljava/lang/Object;+103
j  org.eclipse.core.runtime.internal.adaptor.EclipseAppLauncher.start(Ljava/lang/Object;)Ljava/lang/Object;+29
j  org.eclipse.core.runtime.adaptor.EclipseStarter.run(Ljava/lang/Object;)Ljava/lang/Object;+149
j  org.eclipse.core.runtime.adaptor.EclipseStarter.run([Ljava/lang/String;Ljava/lang/Runnable;)Ljava/lang/Object;+183
v  ~StubRoutines::call_stub
j  sun.reflect.NativeMethodAccessorImpl.invoke0(Ljava/lang/reflect/Method;Ljava/lang/Object;[Ljava/lang/Object;)Ljava/lang/Object;+0
j  sun.reflect.NativeMethodAccessorImpl.invoke(Ljava/lang/Object;[Ljava/lang/Object;)Ljava/lang/Object;+87
j  sun.reflect.DelegatingMethodAccessorImpl.invoke(Ljava/lang/Object;[Ljava/lang/Object;)Ljava/lang/Object;+6
j  java.lang.reflect.Method.invoke(Ljava/lang/Object;[Ljava/lang/Object;)Ljava/lang/Object;+161
j  org.eclipse.equinox.launcher.Main.invokeFramework([Ljava/lang/String;[Ljava/net/URL;)V+211
j  org.eclipse.equinox.launcher.Main.basicRun([Ljava/lang/String;)V+126
j  org.eclipse.equinox.launcher.Main.run([Ljava/lang/String;)I+4
v  ~StubRoutines::call_stub

---------------  P R O C E S S  ---------------

Java Threads: ( => current thread )
  0x08dadc00 JavaThread "org.eclipse.jdt.internal.ui.text.JavaReconciler" daemon [_thread_blocked, id=9295, stack(0x7ab68000,0x7abb9000)]
  0x81d64000 JavaThread "[ThreadPool Manager] - Idle Thread" daemon [_thread_blocked, id=9290, stack(0x7b75e000,0x7b7af000)]
  0x81ecec00 JavaThread "Worker-8" [_thread_blocked, id=9279, stack(0x7b7af000,0x7b800000)]
  0x0877fc00 JavaThread "Worker-7" [_thread_blocked, id=9278, stack(0x7b94f000,0x7b9a0000)]
  0x80dc1000 JavaThread "Worker-6" [_thread_blocked, id=9243, stack(0x7bdaf000,0x7be00000)]
  0x80dc0000 JavaThread "Worker-5" [_thread_blocked, id=9242, stack(0x80e4d000,0x80e9e000)]
  0x08554800 JavaThread "JavaScript indexing" daemon [_thread_blocked, id=9239, stack(0x7bf0e000,0x7bf5f000)]
  0x81e34400 JavaThread "Worker-4" [_thread_blocked, id=9238, stack(0x7faaf000,0x7fb00000)]
  0x0819a400 JavaThread "org.eclipse.jdt.internal.ui.text.JavaReconciler" daemon [_thread_blocked, id=9237, stack(0x80245000,0x80296000)]
  0x81e41400 JavaThread "Worker-3" [_thread_blocked, id=9227, stack(0x7fee3000,0x7ff34000)]
  0x81e54000 JavaThread "Worker-2" [_thread_blocked, id=9224, stack(0x7ff34000,0x7ff85000)]
  0x086df000 JavaThread "Java indexing" daemon [_thread_blocked, id=9222, stack(0x8145e000,0x814af000)]
  0x81e17c00 JavaThread "Worker-1" [_thread_blocked, id=9219, stack(0x80013000,0x80064000)]
  0x0857b000 JavaThread "Bundle File Closer" daemon [_thread_blocked, id=9218, stack(0x800ba000,0x8010b000)]
  0x083b0c00 JavaThread "Worker-0" [_thread_blocked, id=9215, stack(0x8125e000,0x812af000)]
  0x817b9800 JavaThread "Worker-JM" [_thread_blocked, id=9213, stack(0x812af000,0x81300000)]
  0x8175a000 JavaThread "[Timer] - Main Queue Handler" daemon [_thread_blocked, id=9212, stack(0x8140d000,0x8145e000)]
  0x81714800 JavaThread "Framework Event Dispatcher" daemon [_thread_blocked, id=9210, stack(0x814af000,0x81500000)]
  0x0824c000 JavaThread "Start Level Event Dispatcher" daemon [_thread_blocked, id=9209, stack(0x8160d000,0x8165e000)]
  0x08275400 JavaThread "State Data Manager" daemon [_thread_blocked, id=9208, stack(0x8165e000,0x816af000)]
  0x08235400 JavaThread "Framework Active Thread" [_thread_blocked, id=9207, stack(0x816af000,0x81700000)]
  0x08179000 JavaThread "Low Memory Detector" daemon [_thread_blocked, id=9205, stack(0x819af000,0x81a00000)]
  0x08177000 JavaThread "C1 CompilerThread0" daemon [_thread_blocked, id=9204, stack(0x81b2e000,0x81baf000)]
  0x08175800 JavaThread "Signal Dispatcher" daemon [_thread_blocked, id=9203, stack(0x81baf000,0x81c00000)]
  0x08167800 JavaThread "Finalizer" daemon [_thread_blocked, id=9202, stack(0x81f24000,0x81f75000)]
  0x08166000 JavaThread "Reference Handler" daemon [_thread_blocked, id=9201, stack(0x81f75000,0x81fc6000)]
=>0x08119c00 JavaThread "main" [_thread_in_native, id=9190, stack(0xbfdb7000,0xbfe07000)]

Other Threads:
  0x08162400 VMThread [stack: 0x81fc6000,0x82047000] [id=9200]
  0x08183400 WatcherThread [stack: 0x8192e000,0x819af000] [id=9206]

VM state:not at safepoint (normal execution)

VM Mutex/Monitor currently owned by a thread: None

Heap
 def new generation   total 31424K, used 22480K [0x824c0000, 0x846d0000, 0x8cf60000)
  eden space 27968K,  68% used [0x824c0000, 0x83754290, 0x84010000)
  from space 3456K, 100% used [0x84010000, 0x84370000, 0x84370000)
  to   space 3456K,   0% used [0x84370000, 0x84370000, 0x846d0000)
 tenured generation   total 69556K, used 43236K [0x8cf60000, 0x9134d000, 0xa24c0000)
   the space 69556K,  62% used [0x8cf60000, 0x8f999220, 0x8f999400, 0x9134d000)
 compacting perm gen  total 72448K, used 72203K [0xa24c0000, 0xa6b80000, 0xb24c0000)
   the space 72448K,  99% used [0xa24c0000, 0xa6b42db0, 0xa6b42e00, 0xa6b80000)
No shared spaces configured.

Code Cache  [0xb2543000, 0xb2cab000, 0xb4543000)
 total_blobs=3371 nmethods=3155 adapters=147 free_code_cache=25850752 largest_free_block=19328

Dynamic libraries:
08048000-0804c000 r-xp 00000000 08:06 2882047    /home/fernando/opt/eclipse-juno/eclipse
0804c000-0804d000 rw-p 00003000 08:06 2882047    /home/fernando/opt/eclipse-juno/eclipse
08094000-08eb2000 rw-p 00000000 00:00 0          [heap]
75bc7000-7611c000 rw-p 00000000 00:00 0 
7611c000-7611d000 ---p 00000000 00:00 0 
7611d000-7691d000 rwxp 00000000 00:00 0          [stack:9305]
7691d000-7696e000 r-xp 00000000 08:03 136939     /usr/lib/i386-linux-gnu/libhunspell-1.3.so.0.0.0
7696e000-7696f000 r--p 00050000 08:03 136939     /usr/lib/i386-linux-gnu/libhunspell-1.3.so.0.0.0
7696f000-76973000 rw-p 00051000 08:03 136939     /usr/lib/i386-linux-gnu/libhunspell-1.3.so.0.0.0
76973000-76a1d000 r-xp 00000000 08:03 134229     /usr/lib/libaspell.so.15.2.0
76a1d000-76a20000 r--p 000aa000 08:03 134229     /usr/lib/libaspell.so.15.2.0
76a20000-76a21000 rw-p 000ad000 08:03 134229     /usr/lib/libaspell.so.15.2.0
76a21000-76a25000 rw-p 00000000 00:00 0 
76a2c000-76a35000 r-xp 00000000 08:03 135174     /usr/lib/enchant/libenchant_hspell.so
76a35000-76a36000 r--p 00008000 08:03 135174     /usr/lib/enchant/libenchant_hspell.so
76a36000-76a38000 rw-p 00009000 08:03 135174     /usr/lib/enchant/libenchant_hspell.so
76a38000-76a58000 r-xp 00000000 08:03 137134     /usr/lib/i386-linux-gnu/libproxy.so.1.0.0
76a58000-76a59000 r--p 0001f000 08:03 137134     /usr/lib/i386-linux-gnu/libproxy.so.1.0.0
76a59000-76a5a000 rw-p 00020000 08:03 137134     /usr/lib/i386-linux-gnu/libproxy.so.1.0.0
76a60000-76a6b000 r-xp 00000000 08:03 135175     /usr/lib/enchant/libenchant_ispell.so
76a6b000-76a6c000 r--p 0000a000 08:03 135175     /usr/lib/enchant/libenchant_ispell.so
76a6c000-76a6d000 rw-p 0000b000 08:03 135175     /usr/lib/enchant/libenchant_ispell.so
76a6d000-76a6e000 ---p 00000000 00:00 0 
76a6e000-7726e000 rwxp 00000000 00:00 0          [stack:9300]
7726e000-772a9000 r--p 00000000 08:03 661866     /usr/share/glib-2.0/schemas/gschemas.compiled
772a9000-772aa000 ---p 00000000 00:00 0 
772aa000-77aaa000 rwxp 00000000 00:00 0          [stack:9299]
77aaa000-77bca000 rw-p 00000000 00:00 0 
77bca000-77bcb000 ---p 00000000 00:00 0 
77bcb000-783cb000 rwxp 00000000 00:00 0          [stack:9298]
783cb000-78413000 r-xp 00000000 08:03 788818     /lib/i386-linux-gnu/libdbus-1.so.3.7.2
78413000-78414000 r--p 00047000 08:03 788818     /lib/i386-linux-gnu/libdbus-1.so.3.7.2
78414000-78415000 rw-p 00048000 08:03 788818     /lib/i386-linux-gnu/libdbus-1.so.3.7.2
78415000-7842b000 r-xp 00000000 08:03 136399     /usr/lib/i386-linux-gnu/libICE.so.6.3.0
7842b000-7842c000 r--p 00015000 08:03 136399     /usr/lib/i386-linux-gnu/libICE.so.6.3.0
7842c000-7842d000 rw-p 00016000 08:03 136399     /usr/lib/i386-linux-gnu/libICE.so.6.3.0
7842d000-7842f000 rw-p 00000000 00:00 0 
7842f000-78445000 r-xp 00000000 08:03 137329     /usr/lib/i386-linux-gnu/libxcb-glx.so.0.0.0
78445000-78446000 r--p 00016000 08:03 137329     /usr/lib/i386-linux-gnu/libxcb-glx.so.0.0.0
78446000-78447000 rw-p 00017000 08:03 137329     /usr/lib/i386-linux-gnu/libxcb-glx.so.0.0.0
78447000-784d5000 r-xp 00000000 08:03 137080     /usr/lib/i386-linux-gnu/liborc-0.4.so.0.17.0
784d5000-784d6000 r--p 0008e000 08:03 137080     /usr/lib/i386-linux-gnu/liborc-0.4.so.0.17.0
784d6000-784da000 rw-p 0008f000 08:03 137080     /usr/lib/i386-linux-gnu/liborc-0.4.so.0.17.0
784da000-78532000 r-xp 00000000 08:03 136502     /usr/lib/i386-linux-gnu/libXt.so.6.0.0
78532000-78533000 r--p 00058000 08:03 136502     /usr/lib/i386-linux-gnu/libXt.so.6.0.0
78533000-78536000 rw-p 00059000 08:03 136502     /usr/lib/i386-linux-gnu/libXt.so.6.0.0
78536000-78702000 r-xp 00000000 08:03 136947     /usr/lib/i386-linux-gnu/libicui18n.so.48.1.1
78702000-78709000 r--p 001cb000 08:03 136947     /usr/lib/i386-linux-gnu/libicui18n.so.48.1.1
78709000-7870a000 rw-p 001d2000 08:03 136947     /usr/lib/i386-linux-gnu/libicui18n.so.48.1.1
7870a000-787b6000 r-xp 00000000 08:03 137224     /usr/lib/i386-linux-gnu/libsqlite3.so.0.8.6
787b6000-787b7000 r--p 000ac000 08:03 137224     /usr/lib/i386-linux-gnu/libsqlite3.so.0.8.6
787b7000-787b8000 rw-p 000ad000 08:03 137224     /usr/lib/i386-linux-gnu/libsqlite3.so.0.8.6
787b8000-787b9000 rw-p 00000000 00:00 0 
787b9000-7880c000 r-xp 00000000 08:03 138474     /usr/lib/i386-linux-gnu/mesa/libGL.so.1.2.0
7880c000-7880e000 r--p 00052000 08:03 138474     /usr/lib/i386-linux-gnu/mesa/libGL.so.1.2.0
7880e000-78812000 rwxp 00054000 08:03 138474     /usr/lib/i386-linux-gnu/mesa/libGL.so.1.2.0
78812000-78813000 rwxp 00000000 00:00 0 
78813000-7889c000 r-xp 00000000 08:03 137212     /usr/lib/i386-linux-gnu/libsoup-2.4.so.1.5.0
7889c000-7889d000 r--p 00089000 08:03 137212     /usr/lib/i386-linux-gnu/libsoup-2.4.so.1.5.0
7889d000-788aa000 rw-p 0008a000 08:03 137212     /usr/lib/i386-linux-gnu/libsoup-2.4.so.1.5.0
788aa000-78999000 r-xp 00000000 08:03 136883     /usr/lib/i386-linux-gnu/libgstreamer-1.0.so.0.6.0
78999000-7899c000 r--p 000ee000 08:03 136883     /usr/lib/i386-linux-gnu/libgstreamer-1.0.so.0.6.0
7899c000-7899d000 rw-p 000f1000 08:03 136883     /usr/lib/i386-linux-gnu/libgstreamer-1.0.so.0.6.0
7899d000-7899e000 rw-p 00000000 00:00 0 
7899e000-78dc1000 r-xp 00000000 08:03 151222     /usr/lib/libjavascriptcoregtk-1.0.so.0.13.11
78dc1000-78dc8000 r--p 00422000 08:03 151222     /usr/lib/libjavascriptcoregtk-1.0.so.0.13.11
78dc8000-78dca000 rw-p 00429000 08:03 151222     /usr/lib/libjavascriptcoregtk-1.0.so.0.13.11
78dca000-78ddb000 rw-p 00000000 00:00 0 
78ddb000-7a530000 r-xp 00000000 08:03 151224     /usr/lib/libwebkitgtk-1.0.so.0.17.5
7a530000-7a5ef000 r--p 01754000 08:03 151224     /usr/lib/libwebkitgtk-1.0.so.0.17.5
7a5ef000-7a5f8000 rw-p 01813000 08:03 151224     /usr/lib/libwebkitgtk-1.0.so.0.17.5
7a5f8000-7a600000 rw-p 00000000 00:00 0 
7a600000-7a678000 rw-p 00000000 00:00 0 
7a678000-7a700000 ---p 00000000 00:00 0 
7a700000-7a70f000 r-xp 00000000 08:03 136792     /usr/lib/i386-linux-gnu/libglapi.so.0.0.0
7a70f000-7a710000 ---p 0000f000 08:03 136792     /usr/lib/i386-linux-gnu/libglapi.so.0.0.0
7a710000-7a712000 r--p 0000f000 08:03 136792     /usr/lib/i386-linux-gnu/libglapi.so.0.0.0
7a712000-7a717000 rwxp 00011000 08:03 136792     /usr/lib/i386-linux-gnu/libglapi.so.0.0.0
7a717000-7ab17000 rw-s 00000000 00:04 33882124   /SYSV00000000 (deleted)
7ab17000-7ab1a000 ---p 00000000 00:00 0 
7ab1a000-7ab68000 rwxp 00000000 00:00 0 
7ab68000-7ab6b000 ---p 00000000 00:00 0 
7ab6b000-7abb9000 rwxp 00000000 00:00 0          [stack:9295]
7abb9000-7abbc000 ---p 00000000 00:00 0 
7abbc000-7ac0a000 rwxp 00000000 00:00 0 
7ac0a000-7ac0d000 ---p 00000000 00:00 0 
7ac0d000-7ac5b000 rwxp 00000000 00:00 0 
7ac5b000-7ac5e000 ---p 00000000 00:00 0 
7ac5e000-7acac000 rwxp 00000000 00:00 0 
7acac000-7acaf000 ---p 00000000 00:00 0 
7acaf000-7acfd000 rwxp 00000000 00:00 0 
7acfd000-7ad00000 ---p 00000000 00:00 0 
7ad00000-7ad4e000 rwxp 00000000 00:00 0 
7ad4e000-7ad51000 ---p 00000000 00:00 0 
7ad51000-7ad9f000 rwxp 00000000 00:00 0 
7ad9f000-7ada0000 ---p 00000000 00:00 0 
7ada0000-7b5a0000 rwxp 00000000 00:00 0          [stack:9244]
7b5a2000-7b5d6000 r-xp 00000000 08:03 136903     /usr/lib/i386-linux-gnu/libgsttag-1.0.so.0.6.0
7b5d6000-7b5d7000 r--p 00034000 08:03 136903     /usr/lib/i386-linux-gnu/libgsttag-1.0.so.0.6.0
7b5d7000-7b5d8000 rw-p 00035000 08:03 136903     /usr/lib/i386-linux-gnu/libgsttag-1.0.so.0.6.0
7b5d8000-7b613000 r-xp 00000000 08:03 137349     /usr/lib/i386-linux-gnu/libxslt.so.1.1.27
7b613000-7b614000 r--p 0003a000 08:03 137349     /usr/lib/i386-linux-gnu/libxslt.so.1.1.27
7b614000-7b615000 rw-p 0003b000 08:03 137349     /usr/lib/i386-linux-gnu/libxslt.so.1.1.27
7b615000-7b65a000 r-xp 00000000 08:03 136984     /usr/lib/i386-linux-gnu/libjpeg.so.8.0.2
7b65a000-7b65b000 r--p 00044000 08:03 136984     /usr/lib/i386-linux-gnu/libjpeg.so.8.0.2
7b65b000-7b65c000 rw-p 00045000 08:03 136984     /usr/lib/i386-linux-gnu/libjpeg.so.8.0.2
7b65c000-7b66c000 rw-p 00000000 00:00 0 
7b66c000-7b6c6000 r-xp 00000000 08:03 136843     /usr/lib/i386-linux-gnu/libgstbase-1.0.so.0.6.0
7b6c6000-7b6c7000 ---p 0005a000 08:03 136843     /usr/lib/i386-linux-gnu/libgstbase-1.0.so.0.6.0
7b6c7000-7b6c8000 r--p 0005a000 08:03 136843     /usr/lib/i386-linux-gnu/libgstbase-1.0.so.0.6.0
7b6c8000-7b6c9000 rw-p 0005b000 08:03 136843     /usr/lib/i386-linux-gnu/libgstbase-1.0.so.0.6.0
7b6c9000-7b709000 r-xp 00000000 08:03 136907     /usr/lib/i386-linux-gnu/libgstvideo-1.0.so.0.6.0
7b709000-7b70a000 ---p 00040000 08:03 136907     /usr/lib/i386-linux-gnu/libgstvideo-1.0.so.0.6.0
7b70a000-7b70b000 r--p 00040000 08:03 136907     /usr/lib/i386-linux-gnu/libgstvideo-1.0.so.0.6.0
7b70b000-7b70e000 rw-p 00041000 08:03 136907     /usr/lib/i386-linux-gnu/libgstvideo-1.0.so.0.6.0
7b70e000-7b75c000 r-xp 00000000 08:03 136839     /usr/lib/i386-linux-gnu/libgstaudio-1.0.so.0.6.0
7b75c000-7b75d000 r--p 0004d000 08:03 136839     /usr/lib/i386-linux-gnu/libgstaudio-1.0.so.0.6.0
7b75d000-7b75e000 rw-p 0004e000 08:03 136839     /usr/lib/i386-linux-gnu/libgstaudio-1.0.so.0.6.0
7b75e000-7b761000 ---p 00000000 00:00 0 
7b761000-7b7af000 rwxp 00000000 00:00 0          [stack:9290]
7b7af000-7b7b2000 ---p 00000000 00:00 0 
7b7b2000-7b800000 rwxp 00000000 00:00 0          [stack:9279]
7b800000-7b886000 rw-p 00000000 00:00 0 
7b886000-7b900000 ---p 00000000 00:00 0 
7b906000-7b92a000 r-xp 00000000 08:03 136649     /usr/lib/i386-linux-gnu/libdbus-glib-1.so.2.2.2
7b92a000-7b92b000 r--p 00023000 08:03 136649     /usr/lib/i386-linux-gnu/libdbus-glib-1.so.2.2.2
7b92b000-7b92c000 rw-p 00024000 08:03 136649     /usr/lib/i386-linux-gnu/libdbus-glib-1.so.2.2.2
7b92c000-7b94d000 r-xp 00000000 08:03 136875     /usr/lib/i386-linux-gnu/libgstpbutils-1.0.so.0.6.0
7b94d000-7b94e000 r--p 00020000 08:03 136875     /usr/lib/i386-linux-gnu/libgstpbutils-1.0.so.0.6.0
7b94e000-7b94f000 rw-p 00021000 08:03 136875     /usr/lib/i386-linux-gnu/libgstpbutils-1.0.so.0.6.0
7b94f000-7b952000 ---p 00000000 00:00 0 
7b952000-7b9a0000 rwxp 00000000 00:00 0          [stack:9278]
7b9a0000-7ba00000 rw-s 00000000 00:04 33259538   /SYSV00000000 (deleted)
7ba02000-7ba06000 r-xp 00000000 08:03 135176     /usr/lib/enchant/libenchant_myspell.so
7ba06000-7ba07000 r--p 00003000 08:03 135176     /usr/lib/enchant/libenchant_myspell.so
7ba07000-7ba08000 rw-p 00004000 08:03 135176     /usr/lib/enchant/libenchant_myspell.so
7ba08000-7ba0b000 ---p 00000000 00:00 0 
7ba0b000-7ba59000 rwxp 00000000 00:00 0 
7ba59000-7ba5c000 ---p 00000000 00:00 0 
7ba5c000-7baaa000 rwxp 00000000 00:00 0 
7baaa000-7bbfa000 r-xp 00000000 08:03 137347     /usr/lib/i386-linux-gnu/libxml2.so.2.9.0
7bbfa000-7bbfe000 r--p 00150000 08:03 137347     /usr/lib/i386-linux-gnu/libxml2.so.2.9.0
7bbfe000-7bbff000 rw-p 00154000 08:03 137347     /usr/lib/i386-linux-gnu/libxml2.so.2.9.0
7bbff000-7bc00000 rw-p 00000000 00:00 0 
7bc00000-7bc90000 rw-p 00000000 00:00 0 
7bc90000-7bd00000 ---p 00000000 00:00 0 
7bd00000-7bd04000 rwxp 00000000 00:00 0 
7bd04000-7bd0d000 r-xp 00000000 08:03 138439     /usr/lib/i386-linux-gnu/libproxy/0.4.11/modules/config_gnome3.so
7bd0d000-7bd0e000 r--p 00008000 08:03 138439     /usr/lib/i386-linux-gnu/libproxy/0.4.11/modules/config_gnome3.so
7bd0e000-7bd0f000 rw-p 00009000 08:03 138439     /usr/lib/i386-linux-gnu/libproxy/0.4.11/modules/config_gnome3.so
7bd0f000-7bd12000 r-xp 00000000 08:03 138040     /usr/lib/i386-linux-gnu/gio/modules/libgiognomeproxy.so
7bd12000-7bd13000 r--p 00002000 08:03 138040     /usr/lib/i386-linux-gnu/gio/modules/libgiognomeproxy.so
7bd13000-7bd14000 rw-p 00003000 08:03 138040     /usr/lib/i386-linux-gnu/gio/modules/libgiognomeproxy.so
7bd14000-7bd26000 r-xp 00000000 08:03 134326     /usr/lib/libgeoclue.so.0.0.0
7bd26000-7bd27000 r--p 00012000 08:03 134326     /usr/lib/libgeoclue.so.0.0.0
7bd27000-7bd28000 rw-p 00013000 08:03 134326     /usr/lib/libgeoclue.so.0.0.0
7bd2b000-7bd3b000 rw-p 00000000 00:00 0 
7bd3b000-7bd73000 r-xp 00000000 08:03 136625     /usr/lib/i386-linux-gnu/libcroco-0.6.so.3.0.1
7bd73000-7bd75000 r--p 00038000 08:03 136625     /usr/lib/i386-linux-gnu/libcroco-0.6.so.3.0.1
7bd75000-7bd76000 rw-p 0003a000 08:03 136625     /usr/lib/i386-linux-gnu/libcroco-0.6.so.3.0.1
7bd76000-7bdad000 r-xp 00000000 08:03 137178     /usr/lib/i386-linux-gnu/librsvg-2.so.2.36.4
7bdad000-7bdae000 r--p 00036000 08:03 137178     /usr/lib/i386-linux-gnu/librsvg-2.so.2.36.4
7bdae000-7bdaf000 rw-p 00037000 08:03 137178     /usr/lib/i386-linux-gnu/librsvg-2.so.2.36.4
7bdaf000-7bdb2000 ---p 00000000 00:00 0 
7bdb2000-7be00000 rwxp 00000000 00:00 0          [stack:9243]
7be00000-7be4d000 rw-p 00000000 00:00 0 
7be4d000-7bf00000 ---p 00000000 00:00 0 
7bf01000-7bf0c000 r-xp 00000000 08:03 136671     /usr/lib/i386-linux-gnu/libdrm.so.2.4.0
7bf0c000-7bf0d000 r--p 0000a000 08:03 136671     /usr/lib/i386-linux-gnu/libdrm.so.2.4.0
7bf0d000-7bf0e000 rw-p 0000b000 08:03 136671     /usr/lib/i386-linux-gnu/libdrm.so.2.4.0
7bf0e000-7bf11000 ---p 00000000 00:00 0 
7bf11000-7bf5f000 rwxp 00000000 00:00 0          [stack:9239]
7bf5f000-7bf86000 r--s 0032d000 08:06 2882658    /home/fernando/opt/eclipse-juno/plugins/org.eclipse.wst.jsdt.core_1.1.202.v201208171701.jar
7bf86000-7e3d4000 r--p 00000000 08:03 536968     /usr/share/icons/hicolor/icon-theme.cache
7e3d4000-7f9c5000 r--p 00000000 08:03 533975     /usr/share/icons/gnome/icon-theme.cache
7f9c5000-7faaf000 r--p 00000000 08:03 532810     /usr/share/icons/Humanity/icon-theme.cache
7faaf000-7fab2000 ---p 00000000 00:00 0 
7fab2000-7fb00000 rwxp 00000000 00:00 0          [stack:9238]
7fb00000-7fb59000 rw-p 00000000 00:00 0 
7fb59000-7fc00000 ---p 00000000 00:00 0 
7fc02000-7fc23000 r--s 00199000 08:06 2883422    /home/fernando/opt/eclipse-juno/plugins/org.eclipse.jst.j2ee_1.1.603.v201301092200.jar
7fc25000-7fc2a000 r-xp 00000000 08:06 3010166    /home/fernando/opt/eclipse-juno/configuration/org.eclipse.osgi/bundles/634/1/.cp/libswt-xpcominit-gtk-4236.so
7fc2a000-7fc2c000 rw-p 00005000 08:06 3010166    /home/fernando/opt/eclipse-juno/configuration/org.eclipse.osgi/bundles/634/1/.cp/libswt-xpcominit-gtk-4236.so
7fc2c000-7fc2f000 ---p 00000000 00:00 0 
7fc2f000-7fc7d000 rwxp 00000000 00:00 0 
7fc7d000-7fca2000 r-xp 00000000 08:03 788853     /lib/i386-linux-gnu/liblzma.so.5.0.0
7fca2000-7fca3000 r--p 00024000 08:03 788853     /lib/i386-linux-gnu/liblzma.so.5.0.0
7fca3000-7fca4000 rw-p 00025000 08:03 788853     /lib/i386-linux-gnu/liblzma.so.5.0.0
7fca4000-7fcc6000 r--s 00184000 08:06 2882722    /home/fernando/opt/eclipse-juno/plugins/org.eclipse.mylyn.tasks.ui_3.8.3.v20130107-0100.jar
7fcc7000-7fcce000 r-xp 00000000 08:03 136459     /usr/lib/i386-linux-gnu/libSM.so.6.0.1
7fcce000-7fccf000 r--p 00006000 08:03 136459     /usr/lib/i386-linux-gnu/libSM.so.6.0.1
7fccf000-7fcd0000 rw-p 00007000 08:03 136459     /usr/lib/i386-linux-gnu/libSM.so.6.0.1
7fcd0000-7fd0a000 r--p 00000000 08:03 678306     /usr/share/fonts/truetype/ttf-dejavu/DejaVuSansMono-BoldOblique.ttf
7fd0a000-7fd46000 r--p 00000000 08:03 678314     /usr/share/fonts/truetype/ttf-dejavu/DejaVuSansMono-Oblique.ttf
7fd46000-7fd93000 r--p 00000000 08:03 661128     /usr/share/fonts/truetype/ttf-dejavu/DejaVuSansMono-Bold.ttf
7fd93000-7fdad000 r--s 00139000 08:06 2882297    /home/fernando/opt/eclipse-juno/plugins/org.eclipse.jdt.debug.ui_3.6.100.v20120530-1425.jar
7fdad000-7fe05000 r--p 00000000 08:03 661154     /usr/share/fonts/truetype/ubuntu-font-family/Ubuntu-BI.ttf
7fe05000-7fe64000 r--p 00000000 08:03 661161     /usr/share/fonts/truetype/ubuntu-font-family/Ubuntu-RI.ttf
7fe64000-7feb6000 r--p 00000000 08:03 661153     /usr/share/fonts/truetype/ubuntu-font-family/Ubuntu-B.ttf
7feb8000-7fee3000 r--s 00266000 08:06 2882296    /home/fernando/opt/eclipse-juno/plugins/org.eclipse.jst.j2ee.core_1.2.200.v201205030130.jar
7fee3000-7fee6000 ---p 00000000 00:00 0 
7fee6000-7ff34000 rwxp 00000000 00:00 0          [stack:9227]
7ff34000-7ff37000 ---p 00000000 00:00 0 
7ff37000-7ff85000 rwxp 00000000 00:00 0          [stack:9224]
7ff85000-7ffaf000 r--s 0046e000 08:06 2882723    /home/fernando/opt/eclipse-juno/plugins/org.eclipse.jdt.core_3.8.3.v20130121-145325.jar
7ffaf000-7ffc2000 r--s 000e0000 08:06 2882072    /home/fernando/opt/eclipse-juno/plugins/org.eclipse.jface.text_3.8.2.v20121126-164145.jar
7ffc4000-7ffc8000 r-xp 00000000 08:03 788954     /lib/i386-linux-gnu/libuuid.so.1.3.0
7ffc8000-7ffc9000 r--p 00003000 08:03 788954     /lib/i386-linux-gnu/libuuid.so.1.3.0
7ffc9000-7ffca000 rw-p 00004000 08:03 788954     /lib/i386-linux-gnu/libuuid.so.1.3.0
7ffca000-7ffeb000 r--s 001a1000 08:06 2882311    /home/fernando/opt/eclipse-juno/plugins/org.eclipse.wst.ws.explorer_1.0.700.v201203072334.jar
7ffeb000-7fffe000 r--s 000e5000 08:06 2882285    /home/fernando/opt/eclipse-juno/plugins/org.eclipse.wst.sse.ui_1.3.102.v201301162301.jar
7fffe000-80004000 r-xp 00000000 08:03 138021     /usr/lib/i386-linux-gnu/gdk-pixbuf-2.0/2.10.0/loaders/libpixbufloader-gif.so
80004000-80005000 r--p 00005000 08:03 138021     /usr/lib/i386-linux-gnu/gdk-pixbuf-2.0/2.10.0/loaders/libpixbufloader-gif.so
80005000-80006000 rw-p 00006000 08:03 138021     /usr/lib/i386-linux-gnu/gdk-pixbuf-2.0/2.10.0/loaders/libpixbufloader-gif.so
80006000-8000a000 rwxp 00000000 00:00 0 
8000a000-80013000 r--s 0005f000 08:06 2882255    /home/fernando/opt/eclipse-juno/plugins/org.eclipse.jdt.junit_3.7.100.v20120523-1543.jar
80013000-80016000 ---p 00000000 00:00 0 
80016000-80064000 rwxp 00000000 00:00 0          [stack:9219]
80065000-80070000 r-xp 00000000 08:03 136835     /usr/lib/i386-linux-gnu/libgstapp-1.0.so.0.6.0
80070000-80071000 r--p 0000a000 08:03 136835     /usr/lib/i386-linux-gnu/libgstapp-1.0.so.0.6.0
80071000-80072000 rw-p 0000b000 08:03 136835     /usr/lib/i386-linux-gnu/libgstapp-1.0.so.0.6.0
80072000-8008d000 r--s 00146000 08:06 2883390    /home/fernando/opt/eclipse-juno/plugins/org.eclipse.team.ui_3.6.201.v20130125-135424.jar
8008d000-800b7000 r--s 00208000 08:06 2882701    /home/fernando/opt/eclipse-juno/plugins/org.eclipse.egit.ui_2.2.0.201212191850-r.jar
800ba000-800bd000 ---p 00000000 00:00 0 
800bd000-8010b000 rwxp 00000000 00:00 0          [stack:9218]
8010d000-80114000 r-xp 00000000 08:03 136750     /usr/lib/i386-linux-gnu/libgailutil.so.18.0.1
80114000-80115000 r--p 00006000 08:03 136750     /usr/lib/i386-linux-gnu/libgailutil.so.18.0.1
80115000-80116000 rw-p 00007000 08:03 136750     /usr/lib/i386-linux-gnu/libgailutil.so.18.0.1
80116000-8012e000 r--s 00146000 08:06 3010285    /home/fernando/opt/eclipse-juno/plugins/org.testng.eclipse_6.8.0.20121120_1820/lib/testng.jar
8012e000-80140000 r--s 000bf000 08:06 2882635    /home/fernando/opt/eclipse-juno/plugins/org.eclipse.wst.server.ui_1.4.100.v20121112_1718.jar
80140000-801bf000 r--s 00740000 08:06 2882128    /home/fernando/opt/eclipse-juno/plugins/org.eclipse.wst.jsdt.ui_1.1.202.v201208171701.jar
801c1000-801cb000 r-xp 00000000 08:03 134302     /usr/lib/libenchant.so.1.6.0
801cb000-801cc000 r--p 00009000 08:03 134302     /usr/lib/libenchant.so.1.6.0
801cc000-801cd000 rw-p 0000a000 08:03 134302     /usr/lib/libenchant.so.1.6.0
801cd000-801d0000 r--s 00014000 08:06 2882211    /home/fernando/opt/eclipse-juno/plugins/org.eclipse.ui.views_3.6.100.v20120705-114010.jar
801d3000-801dc000 r--s 0005a000 08:06 2882640    /home/fernando/opt/eclipse-juno/plugins/org.eclipse.mylyn.tasks.core_3.8.3.v20130107-0100.jar
801dc000-801e3000 r--s 00041000 08:06 2883189    /home/fernando/opt/eclipse-juno/plugins/org.eclipse.mylyn.commons.ui_3.8.3.v20130107-0100.jar
801e3000-801eb000 r--s 00000000 08:06 3535816    /home/fernando/.local/share/gvfs-metadata/root-1f423531.log (deleted)
801eb000-80209000 r--s 00180000 08:06 2882600    /home/fernando/opt/eclipse-juno/plugins/org.eclipse.team.cvs.ui_3.3.500.v20120522-1148.jar
80209000-80218000 r--s 000bc000 08:06 2882067    /home/fernando/opt/eclipse-juno/plugins/org.eclipse.jst.j2ee.ui_1.1.600.v201205170400.jar
80219000-8021d000 r-xp 00000000 08:03 136510     /usr/lib/i386-linux-gnu/libXxf86vm.so.1.0.0
8021d000-8021e000 r--p 00003000 08:03 136510     /usr/lib/i386-linux-gnu/libXxf86vm.so.1.0.0
8021e000-8021f000 rw-p 00004000 08:03 136510     /usr/lib/i386-linux-gnu/libXxf86vm.so.1.0.0
8021f000-80228000 r-xp 00000000 08:06 3010165    /home/fernando/opt/eclipse-juno/configuration/org.eclipse.osgi/bundles/634/1/.cp/libswt-webkit-gtk-4236.so
80228000-80229000 rw-p 00009000 08:06 3010165    /home/fernando/opt/eclipse-juno/configuration/org.eclipse.osgi/bundles/634/1/.cp/libswt-webkit-gtk-4236.so
80229000-80233000 r--s 00085000 08:06 2882700    /home/fernando/opt/eclipse-juno/plugins/org.eclipse.team.cvs.core_3.3.500.v20120522-1148.jar
80233000-80245000 r--s 000dc000 08:06 2882448    /home/fernando/opt/eclipse-juno/plugins/org.eclipse.wst.xml.ui_1.1.302.v201301172222.jar
80245000-80248000 ---p 00000000 00:00 0 
80248000-80296000 rwxp 00000000 00:00 0          [stack:9237]
80298000-802a4000 r--s 00081000 08:06 2883285    /home/fernando/opt/eclipse-juno/plugins/org.eclipse.ui.editors_3.8.0.v20120523-1540.jar
802a4000-802ab000 r--s 00049000 08:06 2882199    /home/fernando/opt/eclipse-juno/plugins/org.eclipse.ltk.core.refactoring_3.6.0.v20120523-1543.jar
802ab000-802b1000 r--s 00095000 08:06 3286244    /home/fernando/opt/jdk1.6.0_29/jre/lib/jsse.jar
802b1000-802ba000 r--s 00056000 08:06 2882465    /home/fernando/opt/eclipse-juno/plugins/org.eclipse.wst.common.modulecore_1.2.201.v201301092200.jar
802ba000-802c7000 r--s 000c6000 08:06 2882110    /home/fernando/opt/eclipse-juno/plugins/org.eclipse.jdt.debug_3.7.101.v20120913-153601/jdimodel.jar
802c8000-802d2000 r--s 0005a000 08:06 2882680    /home/fernando/opt/eclipse-juno/plugins/org.eclipse.ui.navigator_3.5.200.v20120705-114103.jar
802d2000-802ed000 r--s 0018b000 08:06 2882301    /home/fernando/opt/eclipse-juno/plugins/org.eclipse.jgit_2.2.0.201212191850-r.jar
802ed000-802f0000 r-xp 00000000 08:03 137327     /usr/lib/i386-linux-gnu/libxcb-dri2.so.0.0.0
802f0000-802f1000 r--p 00003000 08:03 137327     /usr/lib/i386-linux-gnu/libxcb-dri2.so.0.0.0
802f1000-802f2000 rw-p 00004000 08:03 137327     /usr/lib/i386-linux-gnu/libxcb-dri2.so.0.0.0
802f2000-802fa000 r--s 0004d000 08:06 2883367    /home/fernando/opt/eclipse-juno/plugins/org.eclipse.debug.core_3.7.100.v20120521-2012.jar
802fa000-80390000 r--s 00946000 08:06 2882735    /home/fernando/opt/eclipse-juno/plugins/org.eclipse.jdt.ui_3.8.2.v20130107-165834.jar
80393000-80399000 r--s 0003d000 08:06 2882674    /home/fernando/opt/eclipse-juno/plugins/org.eclipse.wst.common.snippets_1.2.200.v201204260225.jar
80399000-8039c000 r--s 00018000 08:06 2883430    /home/fernando/opt/eclipse-juno/plugins/org.eclipse.core.commands_3.6.2.v20130123-162658.jar
8039c000-8039e000 r-xp 00000000 08:03 135173     /usr/lib/enchant/libenchant_aspell.so
8039e000-8039f000 r--p 00001000 08:03 135173     /usr/lib/enchant/libenchant_aspell.so
8039f000-803a0000 rw-p 00002000 08:03 135173     /usr/lib/enchant/libenchant_aspell.so
803a0000-803a7000 r--s 00000000 08:03 138007     /usr/lib/i386-linux-gnu/gconv/gconv-modules.cache
803a7000-803af000 r--s 00071000 08:06 2882160    /home/fernando/opt/eclipse-juno/plugins/org.eclipse.rse.files.ui_3.2.101.201302012126.jar
803b0000-803b2000 r--s 00008000 08:06 2882651    /home/fernando/opt/eclipse-juno/plugins/org.eclipse.mylyn.monitor.core_3.8.3.v20130107-0100.jar
803b2000-803b4000 r-xp 00000000 08:03 138440     /usr/lib/i386-linux-gnu/libproxy/0.4.11/modules/network_networkmanager.so
803b4000-803b5000 r--p 00001000 08:03 138440     /usr/lib/i386-linux-gnu/libproxy/0.4.11/modules/network_networkmanager.so
803b5000-803b6000 rw-p 00002000 08:03 138440     /usr/lib/i386-linux-gnu/libproxy/0.4.11/modules/network_networkmanager.so
803b6000-803c1000 r--p 00000000 08:03 533970     /usr/share/icons/Humanity-Dark/icon-theme.cache
803c1000-803c6000 r--s 00027000 08:06 2882763    /home/fernando/opt/eclipse-juno/plugins/org.eclipse.jst.jee.ui_1.0.500.v201205170400.jar
803c6000-803cf000 r--s 00059000 08:06 2882721    /home/fernando/opt/eclipse-juno/plugins/org.eclipse.team.core_3.6.100.v20120524-0627.jar
803cf000-803d2000 r--s 00011000 08:06 2882244    /home/fernando/opt/eclipse-juno/plugins/org.eclipse.equinox.util_1.0.400.v20120917-192807.jar
803d4000-803da000 r--s 00034000 08:06 2882258    /home/fernando/opt/eclipse-juno/plugins/org.eclipse.wst.jsdt.debug.ui_1.0.201.v201208241832.jar
803da000-803de000 r--s 0001a000 08:06 2882615    /home/fernando/opt/eclipse-juno/plugins/org.eclipse.ui.navigator.resources_3.4.400.v20120705-114010.jar
803de000-803e0000 r-xp 00000000 08:03 138042     /usr/lib/i386-linux-gnu/gio/modules/libgiolibproxy.so
803e0000-803e1000 r--p 00001000 08:03 138042     /usr/lib/i386-linux-gnu/gio/modules/libgiolibproxy.so
803e1000-803e2000 rw-p 00002000 08:03 138042     /usr/lib/i386-linux-gnu/gio/modules/libgiolibproxy.so
803e2000-803e5000 r--s 0000b000 08:06 2883338    /home/fernando/opt/eclipse-juno/plugins/org.eclipse.jdt.junit.runtime_3.4.301.v20120914-131016.jar
803e5000-803ec000 r--s 00053000 08:06 2882484    /home/fernando/opt/eclipse-juno/plugins/org.eclipse.wst.server.core_1.4.100.v20130117_1140.jar
803ec000-803f4000 r--s 00052000 08:06 2882613    /home/fernando/opt/eclipse-juno/plugins/org.eclipse.jdt.apt.core_3.3.500.v20120522-1651.jar
803f4000-803f9000 r--s 00035000 08:06 2882769    /home/fernando/opt/eclipse-juno/plugins/org.eclipse.e4.ui.workbench_0.11.0.v20130125-100758.jar
803f9000-8042c000 r--s 0024c000 08:06 2882487    /home/fernando/opt/eclipse-juno/plugins/org.eclipse.debug.ui_3.8.2.v20130130-171415.jar
8042c000-80431000 r--s 00049000 08:06 2883345    /home/fernando/opt/eclipse-juno/plugins/org.eclipse.jdt.launching_3.6.101.v20130111-183046.jar
80431000-80439000 r--s 00115000 08:06 3286254    /home/fernando/opt/jdk1.6.0_29/jre/lib/resources.jar
80439000-80444000 r--s 00084000 08:06 2882749    /home/fernando/opt/eclipse-juno/plugins/org.eclipse.ui.workbench.texteditor_3.8.0.v20120523-1310.jar
80444000-80445000 ---p 00000000 00:00 0 
80445000-80c45000 rwxp 00000000 00:00 0          [stack:9216]
80c45000-80c5e000 r-xp 00000000 08:03 138043     /usr/lib/i386-linux-gnu/gio/modules/libgioremote-volume-monitor.so
80c5e000-80c5f000 r--p 00019000 08:03 138043     /usr/lib/i386-linux-gnu/gio/modules/libgioremote-volume-monitor.so
80c5f000-80c60000 rw-p 0001a000 08:03 138043     /usr/lib/i386-linux-gnu/gio/modules/libgioremote-volume-monitor.so
80c60000-80c70000 r-xp 00000000 08:03 788944     /lib/i386-linux-gnu/libudev.so.1.2.2
80c70000-80c71000 r--p 0000f000 08:03 788944     /lib/i386-linux-gnu/libudev.so.1.2.2
80c71000-80c72000 rw-p 00010000 08:03 788944     /lib/i386-linux-gnu/libudev.so.1.2.2
80c72000-80c75000 r--s 00021000 08:06 2882268    /home/fernando/opt/eclipse-juno/plugins/org.eclipse.jdt.junit.core_3.7.100.v20120523-1257.jar
80c75000-80c7b000 r--s 0003d000 08:06 2882304    /home/fernando/opt/eclipse-juno/plugins/org.eclipse.mylyn.bugzilla.ui_3.8.3.v20130107-0100.jar
80c7b000-80c84000 r-xp 00000000 08:06 3009215    /home/fernando/opt/eclipse-juno/configuration/org.eclipse.osgi/bundles/634/1/.cp/libswt-atk-gtk-4236.so
80c84000-80c85000 rw-p 00009000 08:06 3009215    /home/fernando/opt/eclipse-juno/configuration/org.eclipse.osgi/bundles/634/1/.cp/libswt-atk-gtk-4236.so
80c85000-80cb7000 r-xp 00000000 08:03 138347     /usr/lib/i386-linux-gnu/gvfs/libgvfscommon.so
80cb7000-80cb8000 ---p 00032000 08:03 138347     /usr/lib/i386-linux-gnu/gvfs/libgvfscommon.so
80cb8000-80cba000 r--p 00032000 08:03 138347     /usr/lib/i386-linux-gnu/gvfs/libgvfscommon.so
80cba000-80cbb000 rw-p 00034000 08:03 138347     /usr/lib/i386-linux-gnu/gvfs/libgvfscommon.so
80cbb000-80cfe000 r-xp 00000000 08:03 136943     /usr/lib/i386-linux-gnu/libibus-1.0.so.0.402.0
80cfe000-80cff000 r--p 00043000 08:03 136943     /usr/lib/i386-linux-gnu/libibus-1.0.so.0.402.0
80cff000-80d00000 rw-p 00044000 08:03 136943     /usr/lib/i386-linux-gnu/libibus-1.0.so.0.402.0
80d00000-80dfe000 rw-p 00000000 00:00 0 
80dfe000-80e00000 ---p 00000000 00:00 0 
80e01000-80e04000 r--s 00013000 08:06 2882145    /home/fernando/opt/eclipse-juno/plugins/org.eclipse.jdt.core.manipulation_1.5.0.v20120523-1543.jar
80e04000-80e0e000 r-xp 00000000 08:03 138039     /usr/lib/i386-linux-gnu/gio/modules/libdconfsettings.so
80e0e000-80e0f000 r--p 00009000 08:03 138039     /usr/lib/i386-linux-gnu/gio/modules/libdconfsettings.so
80e0f000-80e10000 rw-p 0000a000 08:03 138039     /usr/lib/i386-linux-gnu/gio/modules/libdconfsettings.so
80e10000-80e40000 r-xp 00000000 08:03 138044     /usr/lib/i386-linux-gnu/gio/modules/libgvfsdbus.so
80e40000-80e41000 r--p 0002f000 08:03 138044     /usr/lib/i386-linux-gnu/gio/modules/libgvfsdbus.so
80e41000-80e42000 rw-p 00030000 08:03 138044     /usr/lib/i386-linux-gnu/gio/modules/libgvfsdbus.so
80e42000-80e48000 r-xp 00000000 08:03 138282     /usr/lib/i386-linux-gnu/gtk-2.0/2.10.0/immodules/im-ibus.so
80e48000-80e49000 r--p 00005000 08:03 138282     /usr/lib/i386-linux-gnu/gtk-2.0/2.10.0/immodules/im-ibus.so
80e49000-80e4a000 rw-p 00006000 08:03 138282     /usr/lib/i386-linux-gnu/gtk-2.0/2.10.0/immodules/im-ibus.so
80e4a000-80e4b000 r-xp 00000000 08:03 138031     /usr/lib/i386-linux-gnu/gdk-pixbuf-2.0/2.10.0/loaders/libpixbufloader-svg.so
80e4b000-80e4c000 r--p 00000000 08:03 138031     /usr/lib/i386-linux-gnu/gdk-pixbuf-2.0/2.10.0/loaders/libpixbufloader-svg.so
80e4c000-80e4d000 rw-p 00001000 08:03 138031     /usr/lib/i386-linux-gnu/gdk-pixbuf-2.0/2.10.0/loaders/libpixbufloader-svg.so
80e4d000-80e50000 ---p 00000000 00:00 0 
80e50000-80e9e000 rwxp 00000000 00:00 0          [stack:9242]
80e9e000-80ea6000 r--s 0005c000 08:06 2883423    /home/fernando/opt/eclipse-juno/plugins/org.eclipse.rse.core_3.3.2.201301152246.jar
80ea6000-80ead000 r--s 00065000 08:06 2883380    /home/fernando/opt/eclipse-juno/plugins/org.eclipse.rse.services_3.2.200.201211090626.jar
80ead000-80ec7000 r--s 0017e000 08:06 2883297    /home/fernando/opt/eclipse-juno/plugins/org.eclipse.rse.ui_3.3.3.201302122026.jar
80ec7000-80ecc000 r--s 0001b000 08:06 2882776    /home/fernando/opt/eclipse-juno/plugins/org.eclipse.mylyn.team.ui_3.8.3.v20130107-0100.jar
80ecc000-80ed2000 r--s 00039000 08:06 2883311    /home/fernando/opt/eclipse-juno/plugins/org.eclipse.epp.mpc.ui_1.1.1.I20110907-0947.jar
80ed2000-80ed4000 r--s 00004000 08:06 2882450    /home/fernando/opt/eclipse-juno/plugins/org.eclipse.mylyn.java.tasks_3.8.3.v20130107-0100.jar
80ed4000-80edb000 r--s 0004a000 08:06 2883439    /home/fernando/opt/eclipse-juno/plugins/org.eclipse.e4.ui.workbench.renderers.swt_0.10.3.v20130124-170312.jar
80edc000-80edf000 r--s 00013000 08:06 2883171    /home/fernando/opt/eclipse-juno/plugins/org.eclipse.jst.ws.jaxws.utils_1.0.200.v201201032002.jar
80edf000-80ee3000 r--s 00023000 08:06 2882066    /home/fernando/opt/eclipse-juno/plugins/org.eclipse.mylyn.context.ui_3.8.3.v20130107-0100.jar
80ee3000-80ee8000 r--s 00038000 08:06 2882293    /home/fernando/opt/eclipse-juno/plugins/org.eclipse.text_3.5.200.v20120523-1310.jar
80ee9000-80ef4000 r--p 00000000 08:03 534466     /usr/share/icons/ubuntu-mono-dark/icon-theme.cache
80ef4000-80efa000 r--s 00035000 08:06 2883343    /home/fernando/opt/eclipse-juno/plugins/org.eclipse.jst.servlet.ui_1.1.600.v201202011057.jar
80efa000-80efc000 r--s 00004000 08:06 2883197    /home/fernando/opt/eclipse-juno/plugins/org.eclipse.mylyn.team.cvs_3.8.3.v20130107-0100.jar
80efc000-80f01000 r--s 0003c000 08:06 2883417    /home/fernando/opt/eclipse-juno/plugins/org.eclipse.emf.edit_2.8.0.v20130125-0826.jar
80f01000-80f06000 r--s 00026000 08:06 2883216    /home/fernando/opt/eclipse-juno/plugins/org.eclipse.jst.ws.jaxws.dom.runtime_1.0.200.v201109042201.jar
80f07000-80f08000 r-xp 00000000 08:03 136461     /usr/lib/i386-linux-gnu/libX11-xcb.so.1.0.0
80f08000-80f09000 r--p 00000000 08:03 136461     /usr/lib/i386-linux-gnu/libX11-xcb.so.1.0.0
80f09000-80f0a000 rw-p 00001000 08:03 136461     /usr/lib/i386-linux-gnu/libX11-xcb.so.1.0.0
80f0a000-80f0d000 r--s 0000b000 08:06 2883230    /home/fernando/opt/eclipse-juno/plugins/org.eclipse.jst.ws.jaxws.dom.integration_1.0.200.v201109042201.jar
80f0e000-80f12000 r--s 00025000 08:06 2883324    /home/fernando/opt/eclipse-juno/plugins/org.eclipse.mylyn.java.ui_3.8.3.v20130107-0100.jar
80f12000-80f19000 r--s 00050000 08:06 2882637    /home/fernando/opt/eclipse-juno/plugins/org.eclipse.e4.ui.model.workbench_0.10.1.v20120523-1955.jar
80f19000-80f24000 r--s 000bb000 08:06 2883097    /home/fernando/opt/eclipse-juno/plugins/org.eclipse.core.resources_3.8.1.v20121114-124432.jar
80f24000-80f4c000 r--s 00219000 08:06 2883137    /home/fernando/opt/eclipse-juno/plugins/org.eclipse.ui.ide_3.8.2.v20121106-165923.jar
80f4c000-80f56000 r-xp 00000000 08:06 3009208    /home/fernando/opt/eclipse-juno/configuration/org.eclipse.osgi/bundles/634/1/.cp/libswt-cairo-gtk-4236.so
80f56000-80f57000 rw-p 0000a000 08:06 3009208    /home/fernando/opt/eclipse-juno/configuration/org.eclipse.osgi/bundles/634/1/.cp/libswt-cairo-gtk-4236.so
80f57000-80fa9000 r--p 00000000 08:03 661129     /usr/share/fonts/truetype/ttf-dejavu/DejaVuSansMono.ttf
80fa9000-81000000 r--p 00000000 08:03 661160     /usr/share/fonts/truetype/ubuntu-font-family/Ubuntu-R.ttf
81000000-810ff000 rw-p 00000000 00:00 0 
810ff000-81100000 ---p 00000000 00:00 0 
81100000-81102000 r--s 0000b000 08:06 2882585    /home/fernando/opt/eclipse-juno/plugins/org.eclipse.mylyn.monitor.ui_3.8.3.v20130107-0100.jar
81102000-81104000 r-xp 00000000 08:06 3009261    /home/fernando/opt/eclipse-juno/configuration/org.eclipse.osgi/bundles/71/1/.cp/os/linux/x86/libunixfile_1_0_0.so
81104000-81105000 rw-p 00001000 08:06 3009261    /home/fernando/opt/eclipse-juno/configuration/org.eclipse.osgi/bundles/71/1/.cp/os/linux/x86/libunixfile_1_0_0.so
81105000-81107000 r--s 00015000 08:06 2882710    /home/fernando/opt/eclipse-juno/plugins/org.eclipse.core.contenttype_3.4.200.v20120523-2004.jar
81107000-8110b000 r-xp 00000000 08:03 138027     /usr/lib/i386-linux-gnu/gdk-pixbuf-2.0/2.10.0/loaders/libpixbufloader-png.so
8110b000-8110c000 r--p 00003000 08:03 138027     /usr/lib/i386-linux-gnu/gdk-pixbuf-2.0/2.10.0/loaders/libpixbufloader-png.so
8110c000-8110d000 rw-p 00004000 08:03 138027     /usr/lib/i386-linux-gnu/gdk-pixbuf-2.0/2.10.0/loaders/libpixbufloader-png.so
8110d000-8110e000 rw-p 00000000 00:00 0 
8110e000-81110000 r-xp 00000000 08:03 138530     /usr/lib/i386-linux-gnu/pango/1.8.0/modules/pango-basic-fc.so
81110000-81111000 r--p 00002000 08:03 138530     /usr/lib/i386-linux-gnu/pango/1.8.0/modules/pango-basic-fc.so
81111000-81112000 rw-p 00003000 08:03 138530     /usr/lib/i386-linux-gnu/pango/1.8.0/modules/pango-basic-fc.so
81112000-81113000 r--s 00000000 08:03 264        /var/cache/fontconfig/c05880de57d1f5e948fdfacc138775d9-le32d4.cache-3
81113000-81119000 r--s 00000000 08:03 256        /var/cache/fontconfig/945677eb7aeaf62f1d50efc3fb3ec7d8-le32d4.cache-3
81119000-8111b000 r--s 00000000 08:03 258        /var/cache/fontconfig/99e8ed0e538f840c565b6ed5dad60d56-le32d4.cache-3
8111b000-8111e000 r--s 00000000 08:03 241        /var/cache/fontconfig/2cd17615ca594fa2959ae173292e504c-le32d4.cache-3
8111e000-8111f000 r--s 00000000 08:03 272        /var/cache/fontconfig/e7071f4a29fa870f4323321c154eba04-le32d4.cache-3
8111f000-81120000 r--s 00000000 08:03 238        /var/cache/fontconfig/0d8c3b2ac0904cb8a57a757ad11a4a08-le32d4.cache-3
81120000-81124000 r--s 00000000 08:03 260        /var/cache/fontconfig/a755afe4a08bf5b97852ceb7400b47bc-le32d4.cache-3
81124000-8112b000 r--s 00000000 08:03 8400       /var/cache/fontconfig/6d41288fd70b0be22e8c3a91e032eec0-le32d4.cache-3
8112b000-81136000 r--s 00000000 08:03 236        /var/cache/fontconfig/04aabc0a78ac019cf9454389977116d2-le32d4.cache-3
81136000-81137000 r--s 00000000 08:03 240        /var/cache/fontconfig/1ac9eb803944fde146138c791f5cc56a-le32d4.cache-3
81137000-8113a000 r--s 00000000 08:03 245        /var/cache/fontconfig/385c0604a188198f04d133e54aba7fe7-le32d4.cache-3
8113a000-8113b000 r--s 00000000 08:03 270        /var/cache/fontconfig/dc05db6664285cc2f12bf69c139ae4c3-le32d4.cache-3
8113b000-8113d000 r--s 00000000 08:03 253        /var/cache/fontconfig/767a8244fc0220cfb567a839d0392e0b-le32d4.cache-3
8113d000-8113e000 r--s 00000000 08:03 246        /var/cache/fontconfig/4794a0821666d79190d59a36cb4f44b5-le32d4.cache-3
8113e000-81141000 r--s 00000000 08:03 255        /var/cache/fontconfig/8801497958630a81b71ace7c5f9b32a8-le32d4.cache-3
81141000-81145000 r--s 00000000 08:03 242        /var/cache/fontconfig/3047814df9a2f067bd2d96a2b9c36e5a-le32d4.cache-3
81145000-81146000 r--s 00000000 08:03 248        /var/cache/fontconfig/56cf4f4769d0f4abc89a4895d7bd3ae1-le32d4.cache-3
81146000-81147000 r--s 00000000 08:03 263        /var/cache/fontconfig/b9d506c9ac06c20b433354fa67a72993-le32d4.cache-3
81147000-81154000 r--s 00000000 08:03 268        /var/cache/fontconfig/d52a8644073d54c13679302ca1180695-le32d4.cache-3
81154000-81159000 r-xp 00000000 08:03 136504     /usr/lib/i386-linux-gnu/libXtst.so.6.1.0
81159000-8115a000 r--p 00004000 08:03 136504     /usr/lib/i386-linux-gnu/libXtst.so.6.1.0
8115a000-8115b000 rw-p 00005000 08:03 136504     /usr/lib/i386-linux-gnu/libXtst.so.6.1.0
8115b000-8115f000 r--s 00000000 08:03 262        /var/cache/fontconfig/b47c4e1ecd0709278f4910c18777a504-le32d4.cache-3
8115f000-81167000 r--s 00000000 08:03 5891       /var/cache/fontconfig/e13b20fdb08344e0e664864cc2ede53d-le32d4.cache-3
81167000-8116a000 r--s 00000000 08:03 1414       /var/cache/fontconfig/7ef2298fde41cc6eeb7af42e48b7d293-le32d4.cache-3
8116a000-8116e000 rwxp 00000000 00:00 0 
8116e000-811c9000 r-xp 00000000 08:06 3009207    /home/fernando/opt/eclipse-juno/configuration/org.eclipse.osgi/bundles/634/1/.cp/libswt-pi-gtk-4236.so
811c9000-811cb000 rw-p 0005a000 08:06 3009207    /home/fernando/opt/eclipse-juno/configuration/org.eclipse.osgi/bundles/634/1/.cp/libswt-pi-gtk-4236.so
811cb000-811cc000 rw-p 00000000 00:00 0 
811cc000-81208000 r--s 00629000 08:06 2882804    /home/fernando/opt/eclipse-juno/plugins/com.ibm.icu_4.4.2.v20110823.jar
81208000-8121c000 r--s 000f7000 08:06 2883322    /home/fernando/opt/eclipse-juno/plugins/org.eclipse.jface_3.8.102.v20130123-162658.jar
8121c000-8125e000 r--s 00360000 08:06 2883113    /home/fernando/opt/eclipse-juno/plugins/org.eclipse.ui.workbench_3.104.0.v20130204-164612.jar
8125e000-81261000 ---p 00000000 00:00 0 
81261000-812af000 rwxp 00000000 00:00 0          [stack:9215]
812af000-812b2000 ---p 00000000 00:00 0 
812b2000-81300000 rwxp 00000000 00:00 0          [stack:9213]
81300000-813d5000 rw-p 00000000 00:00 0 
813d5000-81400000 ---p 00000000 00:00 0 
81400000-81403000 r--s 00000000 08:06 3535339    /home/fernando/.cache/fontconfig/8b54aac64c3b29a763dae673c7768aeb-le32d4.cache-3
81403000-81404000 r-xp 00000000 08:03 136909     /usr/lib/i386-linux-gnu/libgthread-2.0.so.0.3600.0
81404000-81405000 r--p 00000000 08:03 136909     /usr/lib/i386-linux-gnu/libgthread-2.0.so.0.3600.0
81405000-81406000 rw-p 00001000 08:03 136909     /usr/lib/i386-linux-gnu/libgthread-2.0.so.0.3600.0
81406000-81409000 r-xp 00000000 08:06 3009206    /home/fernando/opt/eclipse-juno/configuration/org.eclipse.osgi/bundles/634/1/.cp/libswt-gtk-4236.so
81409000-8140a000 rw-p 00002000 08:06 3009206    /home/fernando/opt/eclipse-juno/configuration/org.eclipse.osgi/bundles/634/1/.cp/libswt-gtk-4236.so
8140a000-8140b000 rw-p 00000000 00:00 0 
8140b000-8140d000 r--s 00007000 08:06 2882650    /home/fernando/opt/eclipse-juno/plugins/org.eclipse.core.variables_3.2.600.v20120521-2012.jar
8140d000-81410000 ---p 00000000 00:00 0 
81410000-8145e000 rwxp 00000000 00:00 0          [stack:9212]
8145e000-81461000 ---p 00000000 00:00 0 
81461000-814af000 rwxp 00000000 00:00 0          [stack:9222]
814af000-814b2000 ---p 00000000 00:00 0 
814b2000-81500000 rwxp 00000000 00:00 0          [stack:9210]
81500000-81600000 rw-p 00000000 00:00 0 
81600000-81601000 r--s 00000000 08:03 237        /var/cache/fontconfig/0c9eb80ebd1c36541ebe2852d3bb0c49-le32d4.cache-3
81601000-81606000 r--s 00024000 08:06 2882709    /home/fernando/opt/eclipse-juno/plugins/org.eclipse.mylyn.commons.workbench_3.8.3.v20130107-0100.jar
81606000-81609000 r--s 00018000 08:06 2883133    /home/fernando/opt/eclipse-juno/plugins/org.eclipse.jem.util_2.1.100.v201103021400.jar
81609000-8160d000 r--s 0001d000 08:06 2882480    /home/fernando/opt/eclipse-juno/plugins/org.eclipse.e4.ui.workbench.addons.swt_0.10.3.v20130124-185622.jar
8160d000-81610000 ---p 00000000 00:00 0 
81610000-8165e000 rwxp 00000000 00:00 0          [stack:9209]
8165e000-81661000 ---p 00000000 00:00 0 
81661000-816af000 rwxp 00000000 00:00 0          [stack:9208]
816af000-816b2000 ---p 00000000 00:00 0 
816b2000-81700000 rwxp 00000000 00:00 0          [stack:9207]
81700000-81800000 rw-p 00000000 00:00 0 
81800000-818ff000 rw-p 00000000 00:00 0 
818ff000-81900000 ---p 00000000 00:00 0 
81900000-81901000 r--s 00000000 08:06 3535807    /home/fernando/.local/share/gvfs-metadata/root (deleted)
81901000-81902000 rw-p 00000000 00:00 0 
81902000-81904000 r--s 00010000 08:06 2882634    /home/fernando/opt/eclipse-juno/plugins/org.eclipse.wst.web_1.1.600.v201204190200.jar
81904000-81908000 r--s 00024000 08:06 2882204    /home/fernando/opt/eclipse-juno/plugins/org.eclipse.ui.console_3.5.100.v20120521-2012.jar
81908000-8190c000 r--s 00035000 08:06 2882558    /home/fernando/opt/eclipse-juno/plugins/org.eclipse.jst.j2ee.navigator.ui_1.1.600.v201203142300.jar
8190c000-8190d000 rw-p 00000000 00:00 0 
8190d000-8190f000 r--s 0000a000 08:06 2883370    /home/fernando/opt/eclipse-juno/plugins/org.eclipse.e4.ui.bindings_0.10.3.v20130123-162658.jar
8190f000-81911000 r--s 0000b000 08:06 2882155    /home/fernando/opt/eclipse-juno/plugins/org.eclipse.jst.ws.jaxws.dom.ui_1.0.0.v201004171919.jar
81911000-81915000 r--s 0000e000 08:06 2882117    /home/fernando/opt/eclipse-juno/plugins/org.eclipse.jdt.debug_3.7.101.v20120913-153601/jdi.jar
81915000-81918000 r--s 0001a000 08:06 2882068    /home/fernando/opt/eclipse-juno/plugins/org.eclipse.mylyn.context.core_3.8.3.v20130107-0100.jar
81918000-8192e000 r--s 00233000 08:06 2882245    /home/fernando/opt/eclipse-juno/plugins/org.eclipse.swt.gtk.linux.x86_3.100.1.v4236b.jar
8192e000-8192f000 ---p 00000000 00:00 0 
8192f000-819af000 rwxp 00000000 00:00 0          [stack:9206]
819af000-819b2000 ---p 00000000 00:00 0 
819b2000-81a00000 rwxp 00000000 00:00 0          [stack:9205]
81a00000-81afe000 rw-p 00000000 00:00 0 
81afe000-81b00000 ---p 00000000 00:00 0 
81b00000-81b03000 r--s 0000e000 08:06 2883371    /home/fernando/opt/eclipse-juno/plugins/org.eclipse.rse.subsystems.shells.core_3.1.300.201205141739.jar
81b03000-81b07000 r--s 0001e000 08:06 2882717    /home/fernando/opt/eclipse-juno/plugins/org.eclipse.rse.subsystems.files.core_3.3.1.201211140039.jar
81b07000-81b0a000 r--s 00013000 08:06 2883256    /home/fernando/opt/eclipse-juno/plugins/org.eclipse.core.expressions_3.4.401.v20120912-155018.jar
81b0a000-81b0c000 r--s 0000f000 08:06 2882757    /home/fernando/opt/eclipse-juno/plugins/org.eclipse.mylyn.tasks.search_3.8.3.v20130107-0100.jar
81b0c000-81b0e000 r--s 0000d000 08:06 2883234    /home/fernando/opt/eclipse-juno/plugins/org.eclipse.jdt.compiler.tool_1.0.200.v20130116-050536.jar
81b0e000-81b10000 r--s 00002000 08:06 2882682    /home/fernando/opt/eclipse-juno/plugins/org.eclipse.core.runtime.compatibility.registry_3.5.101.v20130108-163257/runtime_registry_compatibility.jar
81b10000-81b13000 r--s 0002a000 08:06 2882779    /home/fernando/opt/eclipse-juno/plugins/org.eclipse.equinox.registry_3.5.200.v20120522-1841.jar
81b13000-81b15000 r--p 00000000 08:06 3533919    /home/fernando/.config/dconf/user
81b15000-81b19000 r--s 00022000 08:06 2882157    /home/fernando/opt/eclipse-juno/plugins/org.eclipse.ui_3.104.0.v20121024-145224.jar
81b19000-81b2d000 r-xp 00000000 08:06 3286204    /home/fernando/opt/jdk1.6.0_29/jre/lib/i386/libnet.so
81b2d000-81b2e000 rw-p 00013000 08:06 3286204    /home/fernando/opt/jdk1.6.0_29/jre/lib/i386/libnet.so
81b2e000-81b31000 ---p 00000000 00:00 0 
81b31000-81baf000 rwxp 00000000 00:00 0          [stack:9204]
81baf000-81bb2000 ---p 00000000 00:00 0 
81bb2000-81c00000 rwxp 00000000 00:00 0          [stack:9203]
81c00000-81c21000 rw-p 00000000 00:00 0 
81c21000-81d00000 ---p 00000000 00:00 0 
81d00000-81dfd000 rw-p 00000000 00:00 0 
81dfd000-81e00000 ---p 00000000 00:00 0 
81e00000-81efe000 rw-p 00000000 00:00 0 
81efe000-81f00000 ---p 00000000 00:00 0 
81f00000-81f02000 r--s 0000d000 08:06 2883170    /home/fernando/opt/eclipse-juno/plugins/org.eclipse.rse.services.local_2.1.401.201302062104.jar
81f02000-81f03000 r--s 00004000 08:06 2883348    /home/fernando/opt/eclipse-juno/plugins/org.eclipse.swt_3.100.1.v4236b.jar
81f03000-81f04000 rw-p 00000000 00:00 0 
81f04000-81f06000 r--s 00024000 08:06 2882162    /home/fernando/opt/eclipse-juno/plugins/org.eclipse.jdt.compiler.apt_1.0.600.v20130116-050536.jar
81f06000-81f08000 r--s 00003000 08:06 2883284    /home/fernando/opt/eclipse-juno/plugins/org.eclipse.rse.subsystems.shells.local_2.1.400.201205062159.jar
81f08000-81f0b000 r--s 00013000 08:06 3285612    /home/fernando/opt/jdk1.6.0_29/jre/lib/jce.jar
81f0b000-81f0d000 r--s 00003000 08:06 2882130    /home/fernando/opt/eclipse-juno/plugins/org.eclipse.e4.core.commands_0.10.1.v20120523-1955.jar
81f0d000-81f0e000 r--s 00000000 00:14 123818     /run/user/fernando/dconf/user
81f0e000-81f10000 r--s 00005000 08:06 2882306    /home/fernando/opt/eclipse-juno/plugins/org.eclipse.rse.subsystems.files.local_2.1.300.201205062159.jar
81f10000-81f24000 r--s 00142000 08:06 2882481    /home/fernando/opt/eclipse-juno/plugins/org.eclipse.osgi_3.8.2.v20130124-134944.jar
81f24000-81f27000 ---p 00000000 00:00 0 
81f27000-81f75000 rwxp 00000000 00:00 0          [stack:9202]
81f75000-81f78000 ---p 00000000 00:00 0 
81f78000-81fc6000 rwxp 00000000 00:00 0          [stack:9201]
81fc6000-81fc7000 ---p 00000000 00:00 0 
81fc7000-82047000 rwxp 00000000 00:00 0          [stack:9200]
82047000-8207b000 rw-p 00000000 00:00 0 
8207b000-82213000 r--s 0302d000 08:06 3286265    /home/fernando/opt/jdk1.6.0_29/jre/lib/rt.jar
82213000-82237000 rw-p 00000000 00:00 0 
82237000-82294000 rw-p 00000000 00:00 0 
82294000-822b6000 rw-p 00000000 00:00 0 
822b6000-8233f000 rw-p 00000000 00:00 0 
8233f000-82351000 rw-p 00000000 00:00 0 
82351000-82394000 rw-p 00000000 00:00 0 
82394000-823b7000 rw-p 00000000 00:00 0 
823b7000-8243f000 rw-p 00000000 00:00 0 
8243f000-82463000 rw-p 00000000 00:00 0 
82463000-824bf000 rw-p 00000000 00:00 0 
824bf000-846d0000 rw-p 00000000 00:00 0 
846d0000-8cf60000 rw-p 00000000 00:00 0 
8cf60000-9134d000 rw-p 00000000 00:00 0 
9134d000-a24c0000 rw-p 00000000 00:00 0 
a24c0000-a6b80000 rw-p 00000000 00:00 0 
a6b80000-b24c0000 rw-p 00000000 00:00 0 
b24c0000-b24c3000 r--s 00018000 08:06 2882705    /home/fernando/opt/eclipse-juno/plugins/org.eclipse.equinox.common_3.6.100.v20120522-1841.jar
b24c3000-b24e1000 rw-p 00000000 00:00 0 
b24e1000-b2543000 rw-p 00000000 00:00 0 
b2543000-b2cab000 rwxp 00000000 00:00 0 
b2cab000-b4543000 rw-p 00000000 00:00 0 
b4543000-b4552000 r-xp 00000000 08:06 3286187    /home/fernando/opt/jdk1.6.0_29/jre/lib/i386/libzip.so
b4552000-b4554000 rw-p 0000e000 08:06 3286187    /home/fernando/opt/jdk1.6.0_29/jre/lib/i386/libzip.so
b4554000-b455f000 r-xp 00000000 08:03 788879     /lib/i386-linux-gnu/libnss_files-2.17.so
b455f000-b4560000 r--p 0000a000 08:03 788879     /lib/i386-linux-gnu/libnss_files-2.17.so
b4560000-b4561000 rw-p 0000b000 08:03 788879     /lib/i386-linux-gnu/libnss_files-2.17.so
b4561000-b456b000 r-xp 00000000 08:03 788883     /lib/i386-linux-gnu/libnss_nis-2.17.so
b456b000-b456c000 r--p 00009000 08:03 788883     /lib/i386-linux-gnu/libnss_nis-2.17.so
b456c000-b456d000 rw-p 0000a000 08:03 788883     /lib/i386-linux-gnu/libnss_nis-2.17.so
b456d000-b4574000 r-xp 00000000 08:03 788875     /lib/i386-linux-gnu/libnss_compat-2.17.so
b4574000-b4575000 r--p 00006000 08:03 788875     /lib/i386-linux-gnu/libnss_compat-2.17.so
b4575000-b4576000 rw-p 00007000 08:03 788875     /lib/i386-linux-gnu/libnss_compat-2.17.so
b4576000-b458b000 r-xp 00000000 08:03 788873     /lib/i386-linux-gnu/libnsl-2.17.so
b458b000-b458c000 r--p 00014000 08:03 788873     /lib/i386-linux-gnu/libnsl-2.17.so
b458c000-b458d000 rw-p 00015000 08:03 788873     /lib/i386-linux-gnu/libnsl-2.17.so
b458d000-b458f000 rw-p 00000000 00:00 0 
b458f000-b4590000 r--s 00004000 08:06 2883349    /home/fernando/opt/eclipse-juno/plugins/org.eclipse.jdt.junit4.runtime_1.1.200.v20120523-1257.jar
b4590000-b4597000 r-xp 00000000 08:06 3286188    /home/fernando/opt/jdk1.6.0_29/jre/lib/i386/libnio.so
b4597000-b4598000 rw-p 00006000 08:06 3286188    /home/fernando/opt/jdk1.6.0_29/jre/lib/i386/libnio.so
b4598000-b459a000 r--s 0000b000 08:06 2882653    /home/fernando/opt/eclipse-juno/plugins/org.eclipse.equinox.launcher_1.3.0.v20120522-1813.jar
b459a000-b45a2000 rw-s 00000000 08:03 284882     /tmp/hsperfdata_fernando/9190
b45a2000-b45c5000 r-xp 00000000 08:06 3286210    /home/fernando/opt/jdk1.6.0_29/jre/lib/i386/libjava.so
b45c5000-b45c7000 rw-p 00023000 08:06 3286210    /home/fernando/opt/jdk1.6.0_29/jre/lib/i386/libjava.so
b45c7000-b4aa8000 r-xp 00000000 08:06 3286207    /home/fernando/opt/jdk1.6.0_29/jre/lib/i386/client/libjvm.so
b4aa8000-b4acb000 rw-p 004e1000 08:06 3286207    /home/fernando/opt/jdk1.6.0_29/jre/lib/i386/client/libjvm.so
b4acb000-b4ee7000 rw-p 00000000 00:00 0 
b4ee7000-b4f47000 rw-s 00000000 00:04 28573706   /SYSV00000000 (deleted)
b4f47000-b4fab000 rw-p 00000000 00:00 0 
b4fab000-b4fc8000 r--s 00000000 08:03 411332     /usr/share/mime/mime.cache
b4fc8000-b4fce000 r-xp 00000000 08:03 137076     /usr/lib/i386-linux-gnu/libogg.so.0.8.0
b4fce000-b4fcf000 r--p 00005000 08:03 137076     /usr/lib/i386-linux-gnu/libogg.so.0.8.0
b4fcf000-b4fd0000 rw-p 00006000 08:03 137076     /usr/lib/i386-linux-gnu/libogg.so.0.8.0
b4fd0000-b4ff9000 r-xp 00000000 08:03 137297     /usr/lib/i386-linux-gnu/libvorbis.so.0.4.5
b4ff9000-b4ffa000 ---p 00029000 08:03 137297     /usr/lib/i386-linux-gnu/libvorbis.so.0.4.5
b4ffa000-b4ffb000 r--p 00029000 08:03 137297     /usr/lib/i386-linux-gnu/libvorbis.so.0.4.5
b4ffb000-b4ffc000 rw-p 0002a000 08:03 137297     /usr/lib/i386-linux-gnu/libvorbis.so.0.4.5
b4ffc000-b5005000 r-xp 00000000 08:03 137010     /usr/lib/i386-linux-gnu/libltdl.so.7.3.0
b5005000-b5006000 r--p 00008000 08:03 137010     /usr/lib/i386-linux-gnu/libltdl.so.7.3.0
b5006000-b5007000 rw-p 00009000 08:03 137010     /usr/lib/i386-linux-gnu/libltdl.so.7.3.0
b5007000-b5018000 r-xp 00000000 08:03 137244     /usr/lib/i386-linux-gnu/libtdb.so.1.2.10
b5018000-b5019000 r--p 00010000 08:03 137244     /usr/lib/i386-linux-gnu/libtdb.so.1.2.10
b5019000-b501a000 rw-p 00011000 08:03 137244     /usr/lib/i386-linux-gnu/libtdb.so.1.2.10
b501a000-b5022000 r-xp 00000000 08:03 137301     /usr/lib/i386-linux-gnu/libvorbisfile.so.3.3.4
b5022000-b5023000 r--p 00007000 08:03 137301     /usr/lib/i386-linux-gnu/libvorbisfile.so.3.3.4
b5023000-b5024000 rw-p 00008000 08:03 137301     /usr/lib/i386-linux-gnu/libvorbisfile.so.3.3.4
b5024000-b5033000 r-xp 00000000 08:03 136587     /usr/lib/i386-linux-gnu/libcanberra.so.0.2.5
b5033000-b5034000 r--p 0000e000 08:03 136587     /usr/lib/i386-linux-gnu/libcanberra.so.0.2.5
b5034000-b5035000 rw-p 0000f000 08:03 136587     /usr/lib/i386-linux-gnu/libcanberra.so.0.2.5
b5035000-b5039000 r-xp 00000000 08:03 136583     /usr/lib/i386-linux-gnu/libcanberra-gtk.so.0.1.9
b5039000-b503a000 r--p 00003000 08:03 136583     /usr/lib/i386-linux-gnu/libcanberra-gtk.so.0.1.9
b503a000-b503b000 rw-p 00004000 08:03 136583     /usr/lib/i386-linux-gnu/libcanberra-gtk.so.0.1.9
b503b000-b503c000 rw-p 00000000 00:00 0 
b503c000-b5047000 r-xp 00000000 08:06 3286201    /home/fernando/opt/jdk1.6.0_29/jre/lib/i386/libverify.so
b5047000-b5048000 rw-p 0000b000 08:06 3286201    /home/fernando/opt/jdk1.6.0_29/jre/lib/i386/libverify.so
b5048000-b504b000 r-xp 00000000 08:03 138020     /usr/lib/i386-linux-gnu/gdk-pixbuf-2.0/2.10.0/loaders/libpixbufloader-bmp.so
b504b000-b504c000 r--p 00002000 08:03 138020     /usr/lib/i386-linux-gnu/gdk-pixbuf-2.0/2.10.0/loaders/libpixbufloader-bmp.so
b504c000-b504d000 rw-p 00003000 08:03 138020     /usr/lib/i386-linux-gnu/gdk-pixbuf-2.0/2.10.0/loaders/libpixbufloader-bmp.so
b504d000-b504e000 r--p 00000000 00:00 0 
b504e000-b5053000 r-xp 00000000 08:03 138297     /usr/lib/i386-linux-gnu/gtk-2.0/modules/libcanberra-gtk-module.so
b5053000-b5054000 r--p 00004000 08:03 138297     /usr/lib/i386-linux-gnu/gtk-2.0/modules/libcanberra-gtk-module.so
b5054000-b5055000 rw-p 00005000 08:03 138297     /usr/lib/i386-linux-gnu/gtk-2.0/modules/libcanberra-gtk-module.so
b5055000-b508a000 r-xp 00000000 08:03 138278     /usr/lib/i386-linux-gnu/gtk-2.0/2.10.0/engines/libmurrine.so
b508a000-b508b000 r--p 00034000 08:03 138278     /usr/lib/i386-linux-gnu/gtk-2.0/2.10.0/engines/libmurrine.so
b508b000-b508c000 rw-p 00035000 08:03 138278     /usr/lib/i386-linux-gnu/gtk-2.0/2.10.0/engines/libmurrine.so
b508c000-b50aa000 r-xp 00000000 08:03 136543     /usr/lib/i386-linux-gnu/libatk-1.0.so.0.20809.1
b50aa000-b50ac000 r--p 0001d000 08:03 136543     /usr/lib/i386-linux-gnu/libatk-1.0.so.0.20809.1
b50ac000-b50ad000 rw-p 0001f000 08:03 136543     /usr/lib/i386-linux-gnu/libatk-1.0.so.0.20809.1
b50ad000-b550e000 r-xp 00000000 08:03 136913     /usr/lib/i386-linux-gnu/libgtk-x11-2.0.so.0.2400.17
b550e000-b5512000 r--p 00461000 08:03 136913     /usr/lib/i386-linux-gnu/libgtk-x11-2.0.so.0.2400.17
b5512000-b5514000 rw-p 00465000 08:03 136913     /usr/lib/i386-linux-gnu/libgtk-x11-2.0.so.0.2400.17
b5514000-b5516000 rw-p 00000000 00:00 0 
b5516000-b6685000 r-xp 00000000 08:03 136945     /usr/lib/i386-linux-gnu/libicudata.so.48.1.1
b6685000-b6686000 r--p 0116e000 08:03 136945     /usr/lib/i386-linux-gnu/libicudata.so.48.1.1
b6686000-b6687000 rw-p 0116f000 08:03 136945     /usr/lib/i386-linux-gnu/libicudata.so.48.1.1
b6687000-b66a2000 r-xp 00000000 08:03 788831     /lib/i386-linux-gnu/libgcc_s.so.1
b66a2000-b66a3000 r--p 0001a000 08:03 788831     /lib/i386-linux-gnu/libgcc_s.so.1
b66a3000-b66a4000 rw-p 0001b000 08:03 788831     /lib/i386-linux-gnu/libgcc_s.so.1
b66a4000-b6780000 r-xp 00000000 08:03 137234     /usr/lib/i386-linux-gnu/libstdc++.so.6.0.17
b6780000-b6781000 ---p 000dc000 08:03 137234     /usr/lib/i386-linux-gnu/libstdc++.so.6.0.17
b6781000-b6785000 r--p 000dc000 08:03 137234     /usr/lib/i386-linux-gnu/libstdc++.so.6.0.17
b6785000-b6786000 rw-p 000e0000 08:03 137234     /usr/lib/i386-linux-gnu/libstdc++.so.6.0.17
b6786000-b678d000 rw-p 00000000 00:00 0 
b678d000-b68e3000 r-xp 00000000 08:03 136959     /usr/lib/i386-linux-gnu/libicuuc.so.48.1.1
b68e3000-b68ed000 r--p 00155000 08:03 136959     /usr/lib/i386-linux-gnu/libicuuc.so.48.1.1
b68ed000-b68ee000 rw-p 0015f000 08:03 136959     /usr/lib/i386-linux-gnu/libicuuc.so.48.1.1
b68ee000-b68f2000 rw-p 00000000 00:00 0 
b68f2000-b6925000 r-xp 00000000 08:03 136951     /usr/lib/i386-linux-gnu/libicule.so.48.1.1
b6925000-b6926000 ---p 00033000 08:03 136951     /usr/lib/i386-linux-gnu/libicule.so.48.1.1
b6926000-b6927000 r--p 00033000 08:03 136951     /usr/lib/i386-linux-gnu/libicule.so.48.1.1
b6927000-b6928000 rw-p 00034000 08:03 136951     /usr/lib/i386-linux-gnu/libicule.so.48.1.1
b6928000-b692d000 r-xp 00000000 08:03 136478     /usr/lib/i386-linux-gnu/libXdmcp.so.6.0.0
b692d000-b692e000 r--p 00004000 08:03 136478     /usr/lib/i386-linux-gnu/libXdmcp.so.6.0.0
b692e000-b692f000 rw-p 00005000 08:03 136478     /usr/lib/i386-linux-gnu/libXdmcp.so.6.0.0
b692f000-b6931000 r-xp 00000000 08:03 136467     /usr/lib/i386-linux-gnu/libXau.so.6.0.0
b6931000-b6932000 r--p 00001000 08:03 136467     /usr/lib/i386-linux-gnu/libXau.so.6.0.0
b6932000-b6933000 rw-p 00002000 08:03 136467     /usr/lib/i386-linux-gnu/libXau.so.6.0.0
b6933000-b69cb000 r-xp 00000000 08:03 136929     /usr/lib/i386-linux-gnu/libharfbuzz.so.0.913.0
b69cb000-b69cc000 ---p 00098000 08:03 136929     /usr/lib/i386-linux-gnu/libharfbuzz.so.0.913.0
b69cc000-b69cd000 r--p 00098000 08:03 136929     /usr/lib/i386-linux-gnu/libharfbuzz.so.0.913.0
b69cd000-b69ce000 rw-p 00099000 08:03 136929     /usr/lib/i386-linux-gnu/libharfbuzz.so.0.913.0
b69ce000-b69d5000 r-xp 00000000 08:03 788926     /lib/i386-linux-gnu/librt-2.17.so
b69d5000-b69d6000 r--p 00006000 08:03 788926     /lib/i386-linux-gnu/librt-2.17.so
b69d6000-b69d7000 rw-p 00007000 08:03 788926     /lib/i386-linux-gnu/librt-2.17.so
b69d7000-b69f7000 r-xp 00000000 08:03 137341     /usr/lib/i386-linux-gnu/libxcb.so.1.1.0
b69f7000-b69f8000 r--p 0001f000 08:03 137341     /usr/lib/i386-linux-gnu/libxcb.so.1.1.0
b69f8000-b69f9000 rw-p 00020000 08:03 137341     /usr/lib/i386-linux-gnu/libxcb.so.1.1.0
b69f9000-b6a01000 r-xp 00000000 08:03 137331     /usr/lib/i386-linux-gnu/libxcb-render.so.0.0.0
b6a01000-b6a02000 r--p 00008000 08:03 137331     /usr/lib/i386-linux-gnu/libxcb-render.so.0.0.0
b6a02000-b6a03000 rw-p 00009000 08:03 137331     /usr/lib/i386-linux-gnu/libxcb-render.so.0.0.0
b6a03000-b6a05000 r-xp 00000000 08:03 137335     /usr/lib/i386-linux-gnu/libxcb-shm.so.0.0.0
b6a05000-b6a06000 r--p 00001000 08:03 137335     /usr/lib/i386-linux-gnu/libxcb-shm.so.0.0.0
b6a06000-b6a07000 rw-p 00002000 08:03 137335     /usr/lib/i386-linux-gnu/libxcb-shm.so.0.0.0
b6a07000-b6a2e000 r-xp 00000000 08:03 788913     /lib/i386-linux-gnu/libpng12.so.0.49.0
b6a2e000-b6a2f000 r--p 00026000 08:03 788913     /lib/i386-linux-gnu/libpng12.so.0.49.0
b6a2f000-b6a30000 rw-p 00027000 08:03 788913     /lib/i386-linux-gnu/libpng12.so.0.49.0
b6a30000-b6ac4000 r-xp 00000000 08:03 137114     /usr/lib/i386-linux-gnu/libpixman-1.so.0.28.2
b6ac4000-b6ac9000 r--p 00093000 08:03 137114     /usr/lib/i386-linux-gnu/libpixman-1.so.0.28.2
b6ac9000-b6aca000 rw-p 00098000 08:03 137114     /usr/lib/i386-linux-gnu/libpixman-1.so.0.28.2
b6aca000-b6aef000 r-xp 00000000 08:03 788826     /lib/i386-linux-gnu/libexpat.so.1.6.0
b6aef000-b6af1000 r--p 00025000 08:03 788826     /lib/i386-linux-gnu/libexpat.so.1.6.0
b6af1000-b6af2000 rw-p 00027000 08:03 788826     /lib/i386-linux-gnu/libexpat.so.1.6.0
b6af2000-b6b05000 r-xp 00000000 08:03 788924     /lib/i386-linux-gnu/libresolv-2.17.so
b6b05000-b6b06000 r--p 00013000 08:03 788924     /lib/i386-linux-gnu/libresolv-2.17.so
b6b06000-b6b07000 rw-p 00014000 08:03 788924     /lib/i386-linux-gnu/libresolv-2.17.so
b6b07000-b6b09000 rw-p 00000000 00:00 0 
b6b09000-b6b26000 r-xp 00000000 08:03 788928     /lib/i386-linux-gnu/libselinux.so.1
b6b26000-b6b27000 r--p 0001c000 08:03 788928     /lib/i386-linux-gnu/libselinux.so.1
b6b27000-b6b28000 rw-p 0001d000 08:03 788928     /lib/i386-linux-gnu/libselinux.so.1
b6b28000-b6b3f000 r-xp 00000000 08:03 788959     /lib/i386-linux-gnu/libz.so.1.2.7
b6b3f000-b6b40000 r--p 00016000 08:03 788959     /lib/i386-linux-gnu/libz.so.1.2.7
b6b40000-b6b41000 rw-p 00017000 08:03 788959     /lib/i386-linux-gnu/libz.so.1.2.7
b6b41000-b6b44000 r-xp 00000000 08:03 136798     /usr/lib/i386-linux-gnu/libgmodule-2.0.so.0.3600.0
b6b44000-b6b45000 r--p 00002000 08:03 136798     /usr/lib/i386-linux-gnu/libgmodule-2.0.so.0.3600.0
b6b45000-b6b46000 rw-p 00003000 08:03 136798     /usr/lib/i386-linux-gnu/libgmodule-2.0.so.0.3600.0
b6b46000-b6bdc000 r-xp 00000000 08:03 136741     /usr/lib/i386-linux-gnu/libfreetype.so.6.10.0
b6bdc000-b6be0000 r--p 00095000 08:03 136741     /usr/lib/i386-linux-gnu/libfreetype.so.6.10.0
b6be0000-b6be1000 rw-p 00099000 08:03 136741     /usr/lib/i386-linux-gnu/libfreetype.so.6.10.0
b6be1000-b6bf3000 r-xp 00000000 08:03 137096     /usr/lib/i386-linux-gnu/libpangoft2-1.0.so.0.3200.5
b6bf3000-b6bf4000 r--p 00011000 08:03 137096     /usr/lib/i386-linux-gnu/libpangoft2-1.0.so.0.3200.5
b6bf4000-b6bf5000 rw-p 00012000 08:03 137096     /usr/lib/i386-linux-gnu/libpangoft2-1.0.so.0.3200.5
b6bf5000-b6c36000 r-xp 00000000 08:03 788854     /lib/i386-linux-gnu/libm-2.17.so
b6c36000-b6c37000 r--p 00040000 08:03 788854     /lib/i386-linux-gnu/libm-2.17.so
b6c37000-b6c38000 rw-p 00041000 08:03 788854     /lib/i386-linux-gnu/libm-2.17.so
b6c38000-b6c48000 r-xp 00000000 08:03 136480     /usr/lib/i386-linux-gnu/libXext.so.6.4.0
b6c48000-b6c49000 r--p 0000f000 08:03 136480     /usr/lib/i386-linux-gnu/libXext.so.6.4.0
b6c49000-b6c4a000 rw-p 00010000 08:03 136480     /usr/lib/i386-linux-gnu/libXext.so.6.4.0
b6c4a000-b6d7c000 r-xp 00000000 08:03 136463     /usr/lib/i386-linux-gnu/libX11.so.6.3.0
b6d7c000-b6d7d000 r--p 00132000 08:03 136463     /usr/lib/i386-linux-gnu/libX11.so.6.3.0
b6d7d000-b6d80000 rw-p 00133000 08:03 136463     /usr/lib/i386-linux-gnu/libX11.so.6.3.0
b6d80000-b6e93000 r-xp 00000000 08:03 136579     /usr/lib/i386-linux-gnu/libcairo.so.2.11200.14
b6e93000-b6e95000 r--p 00113000 08:03 136579     /usr/lib/i386-linux-gnu/libcairo.so.2.11200.14
b6e95000-b6e96000 rw-p 00115000 08:03 136579     /usr/lib/i386-linux-gnu/libcairo.so.2.11200.14
b6e96000-b6e97000 rw-p 00000000 00:00 0 
b6e97000-b6e9c000 r-xp 00000000 08:03 136482     /usr/lib/i386-linux-gnu/libXfixes.so.3.1.0
b6e9c000-b6e9d000 r--p 00004000 08:03 136482     /usr/lib/i386-linux-gnu/libXfixes.so.3.1.0
b6e9d000-b6e9e000 rw-p 00005000 08:03 136482     /usr/lib/i386-linux-gnu/libXfixes.so.3.1.0
b6e9e000-b6ea0000 r-xp 00000000 08:03 136476     /usr/lib/i386-linux-gnu/libXdamage.so.1.1.0
b6ea0000-b6ea1000 r--p 00001000 08:03 136476     /usr/lib/i386-linux-gnu/libXdamage.so.1.1.0
b6ea1000-b6ea2000 rw-p 00002000 08:03 136476     /usr/lib/i386-linux-gnu/libXdamage.so.1.1.0
b6ea2000-b6ea4000 r-xp 00000000 08:03 136472     /usr/lib/i386-linux-gnu/libXcomposite.so.1.0.0
b6ea4000-b6ea5000 r--p 00001000 08:03 136472     /usr/lib/i386-linux-gnu/libXcomposite.so.1.0.0
b6ea5000-b6ea6000 rw-p 00002000 08:03 136472     /usr/lib/i386-linux-gnu/libXcomposite.so.1.0.0
b6ea6000-b6eaf000 r-xp 00000000 08:03 136474     /usr/lib/i386-linux-gnu/libXcursor.so.1.0.2
b6eaf000-b6eb0000 r--p 00008000 08:03 136474     /usr/lib/i386-linux-gnu/libXcursor.so.1.0.2
b6eb0000-b6eb1000 rw-p 00009000 08:03 136474     /usr/lib/i386-linux-gnu/libXcursor.so.1.0.2
b6eb1000-b6eba000 r-xp 00000000 08:03 136498     /usr/lib/i386-linux-gnu/libXrandr.so.2.2.0
b6eba000-b6ebb000 r--p 00008000 08:03 136498     /usr/lib/i386-linux-gnu/libXrandr.so.2.2.0
b6ebb000-b6ebc000 rw-p 00009000 08:03 136498     /usr/lib/i386-linux-gnu/libXrandr.so.2.2.0
b6ebc000-b6eca000 r-xp 00000000 08:03 136486     /usr/lib/i386-linux-gnu/libXi.so.6.1.0
b6eca000-b6ecb000 r--p 0000d000 08:03 136486     /usr/lib/i386-linux-gnu/libXi.so.6.1.0
b6ecb000-b6ecc000 rw-p 0000e000 08:03 136486     /usr/lib/i386-linux-gnu/libXi.so.6.1.0
b6ecc000-b6ed4000 r-xp 00000000 08:03 136500     /usr/lib/i386-linux-gnu/libXrender.so.1.3.0
b6ed4000-b6ed5000 r--p 00007000 08:03 136500     /usr/lib/i386-linux-gnu/libXrender.so.1.3.0
b6ed5000-b6ed6000 rw-p 00008000 08:03 136500     /usr/lib/i386-linux-gnu/libXrender.so.1.3.0
b6ed6000-b6f0d000 r-xp 00000000 08:03 136713     /usr/lib/i386-linux-gnu/libfontconfig.so.1.6.2
b6f0d000-b6f0e000 r--p 00036000 08:03 136713     /usr/lib/i386-linux-gnu/libfontconfig.so.1.6.2
b6f0e000-b6f0f000 rw-p 00037000 08:03 136713     /usr/lib/i386-linux-gnu/libfontconfig.so.1.6.2
b6f0f000-b706f000 r-xp 00000000 08:03 136788     /usr/lib/i386-linux-gnu/libgio-2.0.so.0.3600.0
b706f000-b7071000 r--p 00160000 08:03 136788     /usr/lib/i386-linux-gnu/libgio-2.0.so.0.3600.0
b7071000-b7072000 rw-p 00162000 08:03 136788     /usr/lib/i386-linux-gnu/libgio-2.0.so.0.3600.0
b7072000-b7073000 rw-p 00000000 00:00 0 
b7073000-b7093000 r-xp 00000000 08:03 136772     /usr/lib/i386-linux-gnu/libgdk_pixbuf-2.0.so.0.2800.0
b7093000-b7094000 ---p 00020000 08:03 136772     /usr/lib/i386-linux-gnu/libgdk_pixbuf-2.0.so.0.2800.0
b7094000-b7095000 r--p 00020000 08:03 136772     /usr/lib/i386-linux-gnu/libgdk_pixbuf-2.0.so.0.2800.0
b7095000-b7096000 rw-p 00021000 08:03 136772     /usr/lib/i386-linux-gnu/libgdk_pixbuf-2.0.so.0.2800.0
b7096000-b70df000 r-xp 00000000 08:03 137092     /usr/lib/i386-linux-gnu/libpango-1.0.so.0.3200.5
b70df000-b70e0000 r--p 00049000 08:03 137092     /usr/lib/i386-linux-gnu/libpango-1.0.so.0.3200.5
b70e0000-b70e1000 rw-p 0004a000 08:03 137092     /usr/lib/i386-linux-gnu/libpango-1.0.so.0.3200.5
b70e1000-b70ec000 r-xp 00000000 08:03 137094     /usr/lib/i386-linux-gnu/libpangocairo-1.0.so.0.3200.5
b70ec000-b70ed000 r--p 0000a000 08:03 137094     /usr/lib/i386-linux-gnu/libpangocairo-1.0.so.0.3200.5
b70ed000-b70ee000 rw-p 0000b000 08:03 137094     /usr/lib/i386-linux-gnu/libpangocairo-1.0.so.0.3200.5
b70ee000-b7199000 r-xp 00000000 08:03 136770     /usr/lib/i386-linux-gnu/libgdk-x11-2.0.so.0.2400.17
b7199000-b719b000 r--p 000ab000 08:03 136770     /usr/lib/i386-linux-gnu/libgdk-x11-2.0.so.0.2400.17
b719b000-b719c000 rw-p 000ad000 08:03 136770     /usr/lib/i386-linux-gnu/libgdk-x11-2.0.so.0.2400.17
b719c000-b71db000 r-xp 00000000 08:03 788901     /lib/i386-linux-gnu/libpcre.so.3.13.1
b71db000-b71dc000 r--p 0003f000 08:03 788901     /lib/i386-linux-gnu/libpcre.so.3.13.1
b71dc000-b71dd000 rw-p 00040000 08:03 788901     /lib/i386-linux-gnu/libpcre.so.3.13.1
b71dd000-b71e2000 r-xp 00000000 08:03 136705     /usr/lib/i386-linux-gnu/libffi.so.6.0.1
b71e2000-b71e3000 r--p 00005000 08:03 136705     /usr/lib/i386-linux-gnu/libffi.so.6.0.1
b71e3000-b71e4000 rw-p 00006000 08:03 136705     /usr/lib/i386-linux-gnu/libffi.so.6.0.1
b71e4000-b72e3000 r-xp 00000000 08:03 788835     /lib/i386-linux-gnu/libglib-2.0.so.0.3600.0
b72e3000-b72e4000 r--p 000fe000 08:03 788835     /lib/i386-linux-gnu/libglib-2.0.so.0.3600.0
b72e4000-b72e5000 rw-p 000ff000 08:03 788835     /lib/i386-linux-gnu/libglib-2.0.so.0.3600.0
b72e5000-b7333000 r-xp 00000000 08:03 136814     /usr/lib/i386-linux-gnu/libgobject-2.0.so.0.3600.0
b7333000-b7334000 r--p 0004d000 08:03 136814     /usr/lib/i386-linux-gnu/libgobject-2.0.so.0.3600.0
b7334000-b7335000 rw-p 0004e000 08:03 136814     /usr/lib/i386-linux-gnu/libgobject-2.0.so.0.3600.0
b7335000-b7346000 r-xp 00000000 08:03 138300     /usr/lib/i386-linux-gnu/gtk-2.0/modules/liboverlay-scrollbar.so
b7346000-b7347000 r--p 00010000 08:03 138300     /usr/lib/i386-linux-gnu/gtk-2.0/modules/liboverlay-scrollbar.so
b7347000-b7348000 rw-p 00011000 08:03 138300     /usr/lib/i386-linux-gnu/gtk-2.0/modules/liboverlay-scrollbar.so
b7348000-b7548000 r--p 00000000 08:03 140525     /usr/lib/locale/locale-archive
b7548000-b7549000 rw-p 00000000 00:00 0 
b7549000-b76f6000 r-xp 00000000 08:03 788806     /lib/i386-linux-gnu/libc-2.17.so
b76f6000-b76f8000 r--p 001ad000 08:03 788806     /lib/i386-linux-gnu/libc-2.17.so
b76f8000-b76f9000 rw-p 001af000 08:03 788806     /lib/i386-linux-gnu/libc-2.17.so
b76f9000-b76fd000 rw-p 00000000 00:00 0 
b76fd000-b7700000 r-xp 00000000 08:03 788821     /lib/i386-linux-gnu/libdl-2.17.so
b7700000-b7701000 r--p 00002000 08:03 788821     /lib/i386-linux-gnu/libdl-2.17.so
b7701000-b7702000 rw-p 00003000 08:03 788821     /lib/i386-linux-gnu/libdl-2.17.so
b7702000-b7719000 r-xp 00000000 08:03 788918     /lib/i386-linux-gnu/libpthread-2.17.so
b7719000-b771a000 r--p 00016000 08:03 788918     /lib/i386-linux-gnu/libpthread-2.17.so
b771a000-b771b000 rw-p 00017000 08:03 788918     /lib/i386-linux-gnu/libpthread-2.17.so
b771b000-b771d000 rw-p 00000000 00:00 0 
b771d000-b771f000 r-xp 00000000 08:03 136488     /usr/lib/i386-linux-gnu/libXinerama.so.1.0.0
b771f000-b7720000 r--p 00001000 08:03 136488     /usr/lib/i386-linux-gnu/libXinerama.so.1.0.0
b7720000-b7721000 rw-p 00002000 08:03 136488     /usr/lib/i386-linux-gnu/libXinerama.so.1.0.0
b7721000-b772e000 r-xp 00000000 08:06 3009088    /home/fernando/opt/eclipse-juno/plugins/org.eclipse.equinox.launcher.gtk.linux.x86_1.1.200.v20120913-144807/eclipse_1502.so
b772e000-b772f000 rw-p 0000c000 08:06 3009088    /home/fernando/opt/eclipse-juno/plugins/org.eclipse.equinox.launcher.gtk.linux.x86_1.1.200.v20120913-144807/eclipse_1502.so
b772f000-b7730000 r--p 005e0000 08:03 140525     /usr/lib/locale/locale-archive
b7730000-b7732000 rw-p 00000000 00:00 0 
b7732000-b7733000 r-xp 00000000 00:00 0          [vdso]
b7733000-b7753000 r-xp 00000000 08:03 788782     /lib/i386-linux-gnu/ld-2.17.so
b7753000-b7754000 r--p 0001f000 08:03 788782     /lib/i386-linux-gnu/ld-2.17.so
b7754000-b7755000 rw-p 00020000 08:03 788782     /lib/i386-linux-gnu/ld-2.17.so
bfdb7000-bfdba000 ---p 00000000 00:00 0 
bfdbb000-bfe07000 rwxp 00000000 00:00 0          [stack]
bfe07000-bfe09000 rw-p 00000000 00:00 0 

VM Arguments:
jvm_args: -Dosgi.requiredJavaVersion=1.5 -Dhelp.lucene.tokenizer=standard -XX:MaxPermSize=256m -Xms40m -Xmx512m 
java_command: <unknown>
Launcher Type: generic

Environment Variables:
JAVA_HOME=/home/fernando/opt/jdk
PATH=/home/fernando/bin:/home/fernando/opt/firefox:/home/fernando/opt/jdk/bin:/home/fernando/opt/eclipse:/home/fernando/opt/maven/bin:/home/fernando/opt/aptana:/usr/lib/lightdm/lightdm:/usr/local/sbin:/usr/local/bin:/usr/sbin:/usr/bin:/sbin:/bin:/usr/games:/usr/local/games:/home/fernando/.rvm/bin
LD_LIBRARY_PATH=/home/fernando/opt/jdk1.6.0_29/jre/lib/i386/client:/home/fernando/opt/jdk1.6.0_29/jre/lib/i386:
SHELL=/bin/bash
DISPLAY=:0

Signal Handlers:
SIGSEGV: [libjvm.so+0x469d60], sa_mask[0]=0x7ffbfeff, sa_flags=0x10000004
SIGBUS: [libjvm.so+0x469d60], sa_mask[0]=0x7ffbfeff, sa_flags=0x10000004
SIGFPE: [libjvm.so+0x38bdb0], sa_mask[0]=0x7ffbfeff, sa_flags=0x10000004
SIGPIPE: SIG_IGN, sa_mask[0]=0x00001000, sa_flags=0x10000000
SIGXFSZ: [libjvm.so+0x38bdb0], sa_mask[0]=0x7ffbfeff, sa_flags=0x10000004
SIGILL: [libjvm.so+0x38bdb0], sa_mask[0]=0x7ffbfeff, sa_flags=0x10000004
SIGUSR1: SIG_DFL, sa_mask[0]=0x00000000, sa_flags=0x00000000
SIGUSR2: [libjvm.so+0x38eff0], sa_mask[0]=0x00000000, sa_flags=0x10000004
SIGHUP: [libjvm.so+0x38ebd0], sa_mask[0]=0x7ffbfeff, sa_flags=0x10000004
SIGINT: [libjvm.so+0x38ebd0], sa_mask[0]=0x7ffbfeff, sa_flags=0x10000004
SIGTERM: [libjvm.so+0x38ebd0], sa_mask[0]=0x7ffbfeff, sa_flags=0x10000004
SIGQUIT: [libjvm.so+0x38ebd0], sa_mask[0]=0x7ffbfeff, sa_flags=0x10000004


---------------  S Y S T E M  ---------------

OS:wheezy/sid

uname:Linux 3.8.0-19-generic #29-Ubuntu SMP Wed Apr 17 18:19:42 UTC 2013 i686
libc:glibc 2.17 NPTL 2.17 
rlimit: STACK 8192k, CORE 0k, NPROC 30550, NOFILE 4096, AS infinity
load average:0,93 1,11 0,81

/proc/meminfo:
MemTotal:        3926892 kB
MemFree:          535360 kB
Buffers:          239684 kB
Cached:          1879872 kB
SwapCached:            0 kB
Active:          1784076 kB
Inactive:        1452208 kB
Active(anon):    1118324 kB
Inactive(anon):   638172 kB
Active(file):     665752 kB
Inactive(file):   814036 kB
Unevictable:          48 kB
Mlocked:              48 kB
HighTotal:       3075152 kB
HighFree:         223868 kB
LowTotal:         851740 kB
LowFree:          311492 kB
SwapTotal:       1951740 kB
SwapFree:        1951740 kB
Dirty:             19096 kB
Writeback:             0 kB
AnonPages:       1116788 kB
Mapped:           240660 kB
Shmem:            639780 kB
Slab:             109044 kB
SReclaimable:      86640 kB
SUnreclaim:        22404 kB
KernelStack:        5112 kB
PageTables:        17128 kB
NFS_Unstable:          0 kB
Bounce:                0 kB
WritebackTmp:          0 kB
CommitLimit:     3915184 kB
Committed_AS:    5478288 kB
VmallocTotal:     122880 kB
VmallocUsed:       19452 kB
VmallocChunk:     100432 kB
HardwareCorrupted:     0 kB
AnonHugePages:         0 kB
HugePages_Total:       0
HugePages_Free:        0
HugePages_Rsvd:        0
HugePages_Surp:        0
Hugepagesize:       2048 kB
DirectMap4k:       10232 kB
DirectMap2M:      903168 kB


CPU:total 4 (2 cores per cpu, 2 threads per core) family 6 model 37 stepping 5, cmov, cx8, fxsr, mmx, sse, sse2, sse3, ssse3, sse4.1, sse4.2, popcnt, ht

/proc/cpuinfo:
processor	: 0
vendor_id	: GenuineIntel
cpu family	: 6
model		: 37
model name	: Intel(R) Core(TM) i3 CPU       M 370  @ 2.40GHz
stepping	: 5
microcode	: 0x2
cpu MHz		: 931.000
cache size	: 3072 KB
physical id	: 0
siblings	: 4
core id		: 0
cpu cores	: 2
apicid		: 0
initial apicid	: 0
fdiv_bug	: no
hlt_bug		: no
f00f_bug	: no
coma_bug	: no
fpu		: yes
fpu_exception	: yes
cpuid level	: 11
wp		: yes
flags		: fpu vme de pse tsc msr pae mce cx8 apic sep mtrr pge mca cmov pat pse36 clflush dts acpi mmx fxsr sse sse2 ss ht tm pbe nx rdtscp lm constant_tsc arch_perfmon pebs bts xtopology nonstop_tsc aperfmperf pni dtes64 monitor ds_cpl vmx est tm2 ssse3 cx16 xtpr pdcm pcid sse4_1 sse4_2 popcnt lahf_lm arat dtherm tpr_shadow vnmi flexpriority ept vpid
bogomips	: 4787.86
clflush size	: 64
cache_alignment	: 64
address sizes	: 36 bits physical, 48 bits virtual
power management:

processor	: 1
vendor_id	: GenuineIntel
cpu family	: 6
model		: 37
model name	: Intel(R) Core(TM) i3 CPU       M 370  @ 2.40GHz
stepping	: 5
microcode	: 0x2
cpu MHz		: 2394.000
cache size	: 3072 KB
physical id	: 0
siblings	: 4
core id		: 2
cpu cores	: 2
apicid		: 4
initial apicid	: 4
fdiv_bug	: no
hlt_bug		: no
f00f_bug	: no
coma_bug	: no
fpu		: yes
fpu_exception	: yes
cpuid level	: 11
wp		: yes
flags		: fpu vme de pse tsc msr pae mce cx8 apic sep mtrr pge mca cmov pat pse36 clflush dts acpi mmx fxsr sse sse2 ss ht tm pbe nx rdtscp lm constant_tsc arch_perfmon pebs bts xtopology nonstop_tsc aperfmperf pni dtes64 monitor ds_cpl vmx est tm2 ssse3 cx16 xtpr pdcm pcid sse4_1 sse4_2 popcnt lahf_lm arat dtherm tpr_shadow vnmi flexpriority ept vpid
bogomips	: 4787.86
clflush size	: 64
cache_alignment	: 64
address sizes	: 36 bits physical, 48 bits virtual
power management:

processor	: 2
vendor_id	: GenuineIntel
cpu family	: 6
model		: 37
model name	: Intel(R) Core(TM) i3 CPU       M 370  @ 2.40GHz
stepping	: 5
microcode	: 0x2
cpu MHz		: 931.000
cache size	: 3072 KB
physical id	: 0
siblings	: 4
core id		: 0
cpu cores	: 2
apicid		: 1
initial apicid	: 1
fdiv_bug	: no
hlt_bug		: no
f00f_bug	: no
coma_bug	: no
fpu		: yes
fpu_exception	: yes
cpuid level	: 11
wp		: yes
flags		: fpu vme de pse tsc msr pae mce cx8 apic sep mtrr pge mca cmov pat pse36 clflush dts acpi mmx fxsr sse sse2 ss ht tm pbe nx rdtscp lm constant_tsc arch_perfmon pebs bts xtopology nonstop_tsc aperfmperf pni dtes64 monitor ds_cpl vmx est tm2 ssse3 cx16 xtpr pdcm pcid sse4_1 sse4_2 popcnt lahf_lm arat dtherm tpr_shadow vnmi flexpriority ept vpid
bogomips	: 4787.86
clflush size	: 64
cache_alignment	: 64
address sizes	: 36 bits physical, 48 bits virtual
power management:

processor	: 3
vendor_id	: GenuineIntel
cpu family	: 6
model		: 37
model name	: Intel(R) Core(TM) i3 CPU       M 370  @ 2.40GHz
stepping	: 5
microcode	: 0x2
cpu MHz		: 2394.000
cache size	: 3072 KB
physical id	: 0
siblings	: 4
core id		: 2
cpu cores	: 2
apicid		: 5
initial apicid	: 5
fdiv_bug	: no
hlt_bug		: no
f00f_bug	: no
coma_bug	: no
fpu		: yes
fpu_exception	: yes
cpuid level	: 11
wp		: yes
flags		: fpu vme de pse tsc msr pae mce cx8 apic sep mtrr pge mca cmov pat pse36 clflush dts acpi mmx fxsr sse sse2 ss ht tm pbe nx rdtscp lm constant_tsc arch_perfmon pebs bts xtopology nonstop_tsc aperfmperf pni dtes64 monitor ds_cpl vmx est tm2 ssse3 cx16 xtpr pdcm pcid sse4_1 sse4_2 popcnt lahf_lm arat dtherm tpr_shadow vnmi flexpriority ept vpid
bogomips	: 4787.86
clflush size	: 64
cache_alignment	: 64
address sizes	: 36 bits physical, 48 bits virtual
power management:



Memory: 4k page, physical 3926892k(535360k free), swap 1951740k(1951740k free)

vm_info: Java HotSpot(TM) Client VM (20.4-b02) for linux-x86 JRE (1.6.0_29-b11), built on Oct  3 2011 07:29:58 by "java_re" with gcc 3.2.1-7a (J2SE release)

time: Sat May 18 19:19:20 2013
elapsed time: 85 seconds

